[2024-03-26 08:21:03] [消息]============================================
[2024-03-26 08:21:03] [消息]============================================
[2024-03-26 08:21:03] [消息]| 媒体播放器启动，开始日志记录              |
[2024-03-26 08:21:03] [消息]============================================
[2024-03-26 08:21:03] [消息]============================================
[2024-03-26 08:21:06] [消息]Mplayer play 不再犹豫-黄家驹.128.mp3 success
[2024-03-26 08:21:08] [消息]媒体状态切换为：暂停状态
[2024-03-26 08:21:10] [消息]媒体状态切换为：播放状态
[2024-03-26 08:21:18] [消息]============================================
[2024-03-26 08:21:18] [消息]============================================
[2024-03-26 08:21:18] [消息]| 媒体播放器启动，开始日志记录              |
[2024-03-26 08:21:18] [消息]============================================
[2024-03-26 08:21:18] [消息]============================================
[2024-03-26 08:21:19] [消息]Mplayer play 不再犹豫-黄家驹.128.mp3 success
[2024-03-26 08:28:29] [消息]============================================
[2024-03-26 08:28:29] [消息]============================================
[2024-03-26 08:28:29] [消息]| 媒体播放器启动，开始日志记录              |
[2024-03-26 08:28:29] [消息]============================================
[2024-03-26 08:28:29] [消息]============================================
[2024-03-26 08:28:37] [消息]Mplayer play 不再犹豫-黄家驹.128.mp3 success
[2024-03-26 08:28:49] [消息]============================================
[2024-03-26 08:28:49] [消息]============================================
[2024-03-26 08:28:49] [消息]| 媒体播放器启动，开始日志记录              |
[2024-03-26 08:28:49] [消息]============================================
[2024-03-26 08:28:49] [消息]============================================
[2024-03-26 08:28:51] [消息]Mplayer play 不再犹豫-黄家驹.128.mp3 success
[2024-03-26 08:28:54] [消息]媒体状态切换为：暂停状态
[2024-03-26 08:28:55] [消息]媒体状态切换为：播放状态
[2024-03-26 08:30:08] [消息]============================================
[2024-03-26 08:30:08] [消息]============================================
[2024-03-26 08:30:08] [消息]| 媒体播放器启动，开始日志记录              |
[2024-03-26 08:30:08] [消息]============================================
[2024-03-26 08:30:08] [消息]============================================
[2024-03-26 08:30:12] [消息]Mplayer play 不再犹豫-黄家驹.128.mp3 success
[2024-03-26 08:30:15] [消息]媒体状态切换为：暂停状态
[2024-03-26 08:30:18] [消息]媒体状态切换为：播放状态
[2024-03-26 08:30:22] [消息]媒体状态切换为：暂停状态
[2024-03-26 08:30:24] [消息]媒体状态切换为：播放状态
[2024-03-26 08:34:40] [消息]============================================
[2024-03-26 08:34:40] [消息]============================================
[2024-03-26 08:34:40] [消息]| 媒体播放器启动，开始日志记录              |
[2024-03-26 08:34:40] [消息]============================================
[2024-03-26 08:34:40] [消息]============================================
[2024-03-26 08:34:42] [消息]Mplayer play 不再犹豫-黄家驹.128.mp3 success
[2024-03-26 08:34:49] [消息]Mplayer play 光辉岁月-Beyond.320.mp3 success
[2024-03-26 08:34:52] [消息]Mplayer play  success
[2024-03-26 08:34:54] [消息]Mplayer play  success
[2024-03-26 08:35:10] [消息]============================================
[2024-03-26 08:35:10] [消息]============================================
[2024-03-26 08:35:10] [消息]| 媒体播放器启动，开始日志记录              |
[2024-03-26 08:35:10] [消息]============================================
[2024-03-26 08:35:10] [消息]============================================
[2024-03-26 08:39:07] [消息]============================================
[2024-03-26 08:39:07] [消息]============================================
[2024-03-26 08:39:07] [消息]| 媒体播放器启动，开始日志记录              |
[2024-03-26 08:39:07] [消息]============================================
[2024-03-26 08:39:07] [消息]============================================
[2024-03-26 08:39:10] [消息]Mplayer play 光辉岁月-Beyond.320.mp3 success
[2024-03-26 08:39:14] [消息]Mplayer play 盘点猝不及防的搞笑瞬间，看一遍笑一遍.mp4 success
[2024-03-26 08:39:19] [消息]Mplayer play 盘点猝不及防的搞笑瞬间，看一遍笑一遍.mp4 success
[2024-03-26 08:39:23] [消息]Mplayer play 盘点猝不及防的搞笑瞬间，看一遍笑一遍.mp4 success
[2024-03-26 08:40:16] [消息]============================================
[2024-03-26 08:40:16] [消息]============================================
[2024-03-26 08:40:16] [消息]| 媒体播放器启动，开始日志记录              |
[2024-03-26 08:40:16] [消息]============================================
[2024-03-26 08:40:16] [消息]============================================
[2024-03-26 08:41:59] [消息]============================================
[2024-03-26 08:41:59] [消息]============================================
[2024-03-26 08:41:59] [消息]| 媒体播放器启动，开始日志记录              |
[2024-03-26 08:41:59] [消息]============================================
[2024-03-26 08:41:59] [消息]============================================
[2024-03-26 08:42:02] [消息]Mplayer play 不再犹豫-黄家驹.128.mp3 success
[2024-03-26 08:42:05] [消息]快进 ✖ 2[2024-03-26 08:42:10] [消息]快进 ✖ 4[2024-03-26 08:42:21] [消息]============================================
[2024-03-26 08:42:21] [消息]============================================
[2024-03-26 08:42:21] [消息]| 媒体播放器启动，开始日志记录              |
[2024-03-26 08:42:21] [消息]============================================
[2024-03-26 08:42:21] [消息]============================================
[2024-03-26 08:42:24] [消息]Mplayer play 不再犹豫-黄家驹.128.mp3 success
[2024-03-26 08:42:25] [消息]快进 ✖ 2[2024-03-26 08:42:29] [消息]快进 ✖ 4[2024-03-26 08:58:55] [消息]============================================
[2024-03-26 08:58:55] [消息]============================================
[2024-03-26 08:58:55] [消息]| 媒体播放器启动，开始日志记录              |
[2024-03-26 08:58:55] [消息]============================================
[2024-03-26 08:58:55] [消息]============================================
[2024-03-26 08:59:00] [消息]Mplayer play 搞笑视频合集，让你开心一整天！.mp4 success
[2024-03-26 08:59:04] [消息]Mplayer play 搞笑视频合集，让你开心一整天！.mp4 success
[2024-03-26 09:01:37] [消息]============================================
[2024-03-26 09:01:37] [消息]============================================
[2024-03-26 09:01:37] [消息]| 媒体播放器启动，开始日志记录              |
[2024-03-26 09:01:37] [消息]============================================
[2024-03-26 09:01:37] [消息]============================================
[2024-03-26 09:01:59] [消息]============================================
[2024-03-26 09:01:59] [消息]============================================
[2024-03-26 09:01:59] [消息]| 媒体播放器启动，开始日志记录              |
[2024-03-26 09:01:59] [消息]============================================
[2024-03-26 09:01:59] [消息]============================================
[2024-03-26 09:02:03] [消息]Mplayer play 灰色轨迹-Beyond.128.mp3 success
[2024-03-26 09:06:46] [消息]============================================
[2024-03-26 09:06:46] [消息]============================================
[2024-03-26 09:06:46] [消息]| 媒体播放器启动，开始日志记录              |
[2024-03-26 09:06:46] [消息]============================================
[2024-03-26 09:06:46] [消息]============================================
[2024-03-26 09:06:47] [消息]============================================
[2024-03-26 09:06:47] [消息]============================================
[2024-03-26 09:06:47] [消息]| 媒体播放器关闭，结束日志记录              |
[2024-03-26 09:06:47] [消息]============================================
[2024-03-26 09:06:47] [消息]============================================
[2024-03-26 09:11:02] [消息]============================================
[2024-03-26 09:11:02] [消息]============================================
[2024-03-26 09:11:02] [消息]| 媒体播放器启动，开始日志记录              |
[2024-03-26 09:11:02] [消息]============================================
[2024-03-26 09:11:02] [消息]============================================
[2024-03-26 09:11:42] [消息]============================================
[2024-03-26 09:11:42] [消息]============================================
[2024-03-26 09:11:42] [消息]| 媒体播放器启动，开始日志记录              |
[2024-03-26 09:11:42] [消息]============================================
[2024-03-26 09:11:42] [消息]============================================
[2024-03-26 09:11:58] [消息]============================================
[2024-03-26 09:11:58] [消息]============================================
[2024-03-26 09:11:58] [消息]| 媒体播放器启动，开始日志记录              |
[2024-03-26 09:11:58] [消息]============================================
[2024-03-26 09:11:58] [消息]============================================
[2024-03-26 09:12:22] [消息]============================================
[2024-03-26 09:12:22] [消息]============================================
[2024-03-26 09:12:22] [消息]| 媒体播放器启动，开始日志记录              |
[2024-03-26 09:12:22] [消息]============================================
[2024-03-26 09:12:22] [消息]============================================
[2024-03-26 09:13:00] [消息]============================================
[2024-03-26 09:13:00] [消息]============================================
[2024-03-26 09:13:00] [消息]| 媒体播放器启动，开始日志记录              |
[2024-03-26 09:13:00] [消息]============================================
[2024-03-26 09:13:00] [消息]============================================
[2024-03-26 09:13:10] [消息]============================================
[2024-03-26 09:13:10] [消息]============================================
[2024-03-26 09:13:10] [消息]| 媒体播放器关闭，结束日志记录              |
[2024-03-26 09:13:10] [消息]============================================
[2024-03-26 09:13:10] [消息]============================================
[2024-03-26 09:16:15] [消息]============================================
[2024-03-26 09:16:15] [消息]============================================
[2024-03-26 09:16:15] [消息]| 媒体播放器启动，开始日志记录              |
[2024-03-26 09:16:15] [消息]============================================
[2024-03-26 09:16:15] [消息]============================================
[2024-03-26 09:16:19] [消息]Mplayer play 搞笑视频合集，让你开心一整天！.mp4 success
[2024-03-26 09:16:24] [消息]Mplayer play  success
[2024-03-26 09:17:02] [消息]============================================
[2024-03-26 09:17:02] [消息]============================================
[2024-03-26 09:17:02] [消息]| 媒体播放器启动，开始日志记录              |
[2024-03-26 09:17:02] [消息]============================================
[2024-03-26 09:17:02] [消息]============================================
[2024-03-26 09:17:05] [消息]Mplayer play 灰色轨迹-Beyond.128.mp3 success
[2024-03-26 09:17:11] [消息]Mplayer play  success
[2024-03-26 09:17:16] [消息]Mplayer play  success
[2024-03-26 09:17:27] [消息]============================================
[2024-03-26 09:17:27] [消息]============================================
[2024-03-26 09:17:27] [消息]| 媒体播放器启动，开始日志记录              |
[2024-03-26 09:17:27] [消息]============================================
[2024-03-26 09:17:27] [消息]============================================
[2024-03-26 09:17:29] [消息]Mplayer play 不再犹豫-黄家驹.128.mp3 success
[2024-03-26 09:18:03] [消息]============================================
[2024-03-26 09:18:03] [消息]============================================
[2024-03-26 09:18:03] [消息]| 媒体播放器启动，开始日志记录              |
[2024-03-26 09:18:03] [消息]============================================
[2024-03-26 09:18:03] [消息]============================================
[2024-03-26 09:18:18] [消息]============================================
[2024-03-26 09:18:18] [消息]============================================
[2024-03-26 09:18:18] [消息]| 媒体播放器启动，开始日志记录              |
[2024-03-26 09:18:18] [消息]============================================
[2024-03-26 09:18:18] [消息]============================================
[2024-03-26 09:18:22] [消息]Mplayer play 搞笑视频合集，让你开心一整天！.mp4 success
[2024-03-26 09:18:28] [消息]Mplayer play 盘点猝不及防的搞笑瞬间，看一遍笑一遍.mp4 success
[2024-03-26 09:18:33] [消息]Mplayer play 盘点猝不及防的搞笑瞬间，看一遍笑一遍.mp4 success
[2024-03-26 09:18:35] [消息]Mplayer play 盘点猝不及防的搞笑瞬间，看一遍笑一遍.mp4 success
[2024-03-26 09:20:09] [消息]============================================
[2024-03-26 09:20:09] [消息]============================================
[2024-03-26 09:20:09] [消息]| 媒体播放器启动，开始日志记录              |
[2024-03-26 09:20:09] [消息]============================================
[2024-03-26 09:20:09] [消息]============================================
[2024-03-26 09:20:12] [消息]Mplayer play 搞笑视频合集，让你开心一整天！.mp4 success
[2024-03-26 09:20:15] [消息]Mplayer play 不再犹豫-黄家驹.128.mp3 success
[2024-03-26 09:20:18] [消息]Mplayer play  success
[2024-03-26 09:20:25] [消息]Mplayer play  success
[2024-03-26 09:20:26] [消息]Mplayer play  success
[2024-03-26 09:20:27] [消息]Mplayer play  success
[2024-03-26 09:20:27] [消息]Mplayer play  success
[2024-03-26 09:20:28] [消息]Mplayer play  success
[2024-03-26 09:20:44] [消息]============================================
[2024-03-26 09:20:44] [消息]============================================
[2024-03-26 09:20:44] [消息]| 媒体播放器启动，开始日志记录              |
[2024-03-26 09:20:44] [消息]============================================
[2024-03-26 09:20:44] [消息]============================================
[2024-03-26 09:20:47] [消息]Mplayer play 搞笑视频合集，让你开心一整天！.mp4 success
[2024-03-26 09:20:52] [消息]Mplayer play 不再犹豫-黄家驹.128.mp3 success
[2024-03-26 09:20:53] [消息]Mplayer play  success
[2024-03-26 09:20:55] [消息]Mplayer play  success
[2024-03-26 09:21:34] [消息]============================================
[2024-03-26 09:21:34] [消息]============================================
[2024-03-26 09:21:34] [消息]| 媒体播放器启动，开始日志记录              |
[2024-03-26 09:21:34] [消息]============================================
[2024-03-26 09:21:34] [消息]============================================
[2024-03-26 09:21:38] [消息]Mplayer play 不再犹豫-黄家驹.128.mp3 success
[2024-03-26 09:21:40] [消息]Mplayer play  success
[2024-03-26 09:21:41] [消息]Mplayer play  success
[2024-03-26 09:22:26] [消息]============================================
[2024-03-26 09:22:26] [消息]============================================
[2024-03-26 09:22:26] [消息]| 媒体播放器启动，开始日志记录              |
[2024-03-26 09:22:26] [消息]============================================
[2024-03-26 09:22:26] [消息]============================================
[2024-03-26 09:22:28] [消息]Mplayer play 不再犹豫-黄家驹.128.mp3 success
[2024-03-26 09:22:29] [消息]Mplayer play  success
[2024-03-26 09:22:31] [消息]Mplayer play  success
[2024-03-26 09:22:32] [消息]Mplayer play  success
[2024-03-26 09:22:34] [消息]Mplayer play  success
[2024-03-26 09:22:35] [消息]Mplayer play  success
[2024-03-26 09:22:43] [消息]============================================
[2024-03-26 09:22:43] [消息]============================================
[2024-03-26 09:22:43] [消息]| 媒体播放器启动，开始日志记录              |
[2024-03-26 09:22:43] [消息]============================================
[2024-03-26 09:22:43] [消息]============================================
[2024-03-26 09:24:17] [消息]============================================
[2024-03-26 09:24:17] [消息]============================================
[2024-03-26 09:24:17] [消息]| 媒体播放器启动，开始日志记录              |
[2024-03-26 09:24:17] [消息]============================================
[2024-03-26 09:24:17] [消息]============================================
[2024-03-26 09:26:12] [消息]============================================
[2024-03-26 09:26:12] [消息]============================================
[2024-03-26 09:26:12] [消息]| 媒体播放器启动，开始日志记录              |
[2024-03-26 09:26:12] [消息]============================================
[2024-03-26 09:26:12] [消息]============================================
[2024-03-26 09:26:14] [消息]Mplayer play 不再犹豫-黄家驹.128.mp3 success
[2024-03-26 09:26:18] [消息]Mplayer play  success
[2024-03-26 09:26:22] [消息]Mplayer play  success
[2024-03-26 09:26:24] [消息]Mplayer play  success
[2024-03-26 09:26:26] [消息]Mplayer play  success
[2024-03-26 09:26:27] [消息]Mplayer play  success
[2024-03-26 09:27:05] [消息]============================================
[2024-03-26 09:27:05] [消息]============================================
[2024-03-26 09:27:05] [消息]| 媒体播放器启动，开始日志记录              |
[2024-03-26 09:27:05] [消息]============================================
[2024-03-26 09:27:05] [消息]============================================
[2024-03-26 09:27:08] [消息]Mplayer play 不再犹豫-黄家驹.128.mp3 success
[2024-03-26 09:27:12] [消息]Mplayer play  success
[2024-03-26 09:27:25] [消息]============================================
[2024-03-26 09:27:25] [消息]============================================
[2024-03-26 09:27:25] [消息]| 媒体播放器启动，开始日志记录              |
[2024-03-26 09:27:25] [消息]============================================
[2024-03-26 09:27:25] [消息]============================================
[2024-03-26 09:27:27] [消息]Mplayer play 不再犹豫-黄家驹.128.mp3 success
[2024-03-26 09:27:32] [消息]Mplayer play  success
[2024-03-26 09:29:51] [消息]============================================
[2024-03-26 09:29:51] [消息]============================================
[2024-03-26 09:29:51] [消息]| 媒体播放器启动，开始日志记录              |
[2024-03-26 09:29:51] [消息]============================================
[2024-03-26 09:29:51] [消息]============================================
[2024-03-26 09:29:53] [消息]Mplayer play 盘点猝不及防的搞笑瞬间，看一遍笑一遍.mp4 success
[2024-03-26 09:29:57] [消息]Mplayer play 搞笑视频合集，让你开心一整天！.mp4 success
[2024-03-26 09:30:00] [消息]Mplayer play 喜欢你-Beyond.128.mp3 success
[2024-03-26 09:30:03] [消息]Mplayer play 北京晚报.mp3 success
[2024-03-26 09:30:10] [消息]Mplayer play 光辉岁月-Beyond.320.mp3 success
[2024-03-26 09:30:13] [消息]Mplayer play 灰色轨迹-Beyond.128.mp3 success
[2024-03-26 09:30:18] [消息]Mplayer play 盘点猝不及防的搞笑瞬间，看一遍笑一遍.mp4 success
[2024-03-26 09:30:27] [消息]Mplayer play 搞笑视频合集，让你开心一整天！.mp4 success
[2024-03-26 09:30:31] [消息]Mplayer play 喜欢你-Beyond.128.mp3 success
[2024-03-26 09:30:36] [消息]Mplayer play 北京晚报.mp3 success
[2024-03-26 09:30:58] [消息]============================================
[2024-03-26 09:30:58] [消息]============================================
[2024-03-26 09:30:58] [消息]| 媒体播放器启动，开始日志记录              |
[2024-03-26 09:30:58] [消息]============================================
[2024-03-26 09:30:58] [消息]============================================
[2024-03-26 09:31:10] [消息]============================================
[2024-03-26 09:31:10] [消息]============================================
[2024-03-26 09:31:10] [消息]| 媒体播放器启动，开始日志记录              |
[2024-03-26 09:31:10] [消息]============================================
[2024-03-26 09:31:10] [消息]============================================
[2024-03-26 09:31:54] [消息]============================================
[2024-03-26 09:31:54] [消息]============================================
[2024-03-26 09:31:54] [消息]| 媒体播放器启动，开始日志记录              |
[2024-03-26 09:31:54] [消息]============================================
[2024-03-26 09:31:54] [消息]============================================
[2024-03-26 09:32:09] [消息]============================================
[2024-03-26 09:32:09] [消息]============================================
[2024-03-26 09:32:09] [消息]| 媒体播放器启动，开始日志记录              |
[2024-03-26 09:32:09] [消息]============================================
[2024-03-26 09:32:09] [消息]============================================
[2024-03-26 09:32:14] [消息]Mplayer play 盘点猝不及防的搞笑瞬间，看一遍笑一遍.mp4 success
[2024-03-26 09:32:21] [消息]Mplayer play 搞笑视频合集，让你开心一整天！.mp4 success
[2024-03-26 09:32:24] [消息]Mplayer play 喜欢你-Beyond.128.mp3 success
[2024-03-26 09:32:27] [消息]Mplayer play 北京晚报.mp3 success
[2024-03-26 09:32:37] [消息]Mplayer play 光辉岁月-Beyond.320.mp3 success
[2024-03-26 09:32:40] [消息]Mplayer play 灰色轨迹-Beyond.128.mp3 success
[2024-03-26 09:32:44] [消息]Mplayer play 盘点猝不及防的搞笑瞬间，看一遍笑一遍.mp4 success
[2024-03-26 09:32:56] [消息]============================================
[2024-03-26 09:32:56] [消息]============================================
[2024-03-26 09:32:56] [消息]| 媒体播放器启动，开始日志记录              |
[2024-03-26 09:32:56] [消息]============================================
[2024-03-26 09:32:56] [消息]============================================
[2024-03-26 09:33:00] [消息]Mplayer play 不再犹豫-黄家驹.128.mp3 success
[2024-03-26 09:33:42] [消息]============================================
[2024-03-26 09:33:42] [消息]============================================
[2024-03-26 09:33:42] [消息]| 媒体播放器启动，开始日志记录              |
[2024-03-26 09:33:42] [消息]============================================
[2024-03-26 09:33:42] [消息]============================================
[2024-03-26 09:33:45] [消息]Mplayer play 不再犹豫-黄家驹.128.mp3 success
[2024-03-26 09:33:48] [消息]Mplayer play 盘点猝不及防的搞笑瞬间，看一遍笑一遍.mp4 success
[2024-03-26 09:33:52] [消息]Mplayer play 搞笑视频合集，让你开心一整天！.mp4 success
[2024-03-26 09:33:55] [消息]Mplayer play 喜欢你-Beyond.128.mp3 success
[2024-03-26 09:33:57] [消息]Mplayer play 北京晚报.mp3 success
[2024-03-26 09:34:01] [消息]Mplayer play 光辉岁月-Beyond.320.mp3 success
[2024-03-26 09:34:03] [消息]Mplayer play 灰色轨迹-Beyond.128.mp3 success
[2024-03-26 09:34:07] [消息]Mplayer play 不再犹豫-黄家驹.128.mp3 success
[2024-03-26 09:34:10] [消息]Mplayer play 盘点猝不及防的搞笑瞬间，看一遍笑一遍.mp4 success
[2024-03-26 09:58:38] [消息]============================================
[2024-03-26 09:58:38] [消息]============================================
[2024-03-26 09:58:38] [消息]| 媒体播放器启动，开始日志记录              |
[2024-03-26 09:58:38] [消息]============================================
[2024-03-26 09:58:38] [消息]============================================
[2024-03-26 09:58:58] [消息]Mplayer play 喜欢你-Beyond.128.mp3 success
[2024-03-26 09:59:04] [消息]Mplayer play 不再犹豫-黄家驹.128.mp3 success
[2024-03-26 09:59:07] [消息]Mplayer play 不再犹豫-黄家驹.128.mp3 success
[2024-03-26 09:59:09] [消息]Mplayer play 不再犹豫-黄家驹.128.mp3 success
[2024-03-26 09:59:11] [消息]Mplayer play 不再犹豫-黄家驹.128.mp3 success
[2024-03-26 09:59:18] [消息]============================================
[2024-03-26 09:59:18] [消息]============================================
[2024-03-26 09:59:18] [消息]| 媒体播放器启动，开始日志记录              |
[2024-03-26 09:59:18] [消息]============================================
[2024-03-26 09:59:18] [消息]============================================
[2024-03-26 10:00:54] [消息]============================================
[2024-03-26 10:00:54] [消息]============================================
[2024-03-26 10:00:54] [消息]| 媒体播放器启动，开始日志记录              |
[2024-03-26 10:00:54] [消息]============================================
[2024-03-26 10:00:54] [消息]============================================
[2024-03-26 10:00:55] [消息]播放模式切换为：顺序播放[2024-03-26 10:00:58] [消息]播放模式切换为：随即播放[2024-03-26 10:01:00] [消息]播放模式切换为：循环播放[2024-03-26 10:01:50] [消息]============================================
[2024-03-26 10:01:50] [消息]============================================
[2024-03-26 10:01:50] [消息]| 媒体播放器启动，开始日志记录              |
[2024-03-26 10:01:50] [消息]============================================
[2024-03-26 10:01:50] [消息]============================================
[2024-03-26 10:01:52] [消息]播放模式切换为：顺序播放
[2024-03-26 10:01:54] [消息]播放模式切换为：随即播放
[2024-03-26 10:03:06] [消息]============================================
[2024-03-26 10:03:06] [消息]============================================
[2024-03-26 10:03:06] [消息]| 媒体播放器启动，开始日志记录              |
[2024-03-26 10:03:06] [消息]============================================
[2024-03-26 10:03:06] [消息]============================================
[2024-03-26 10:03:07] [消息]播放模式切换为：顺序播放
[2024-03-26 10:03:09] [消息]播放模式切换为：随机播放
[2024-03-26 10:03:12] [消息]播放模式切换为：循环播放
[2024-03-26 12:56:20] [消息]============================================
[2024-03-26 12:56:20] [消息]============================================
[2024-03-26 12:56:20] [消息]| 媒体播放器启动，开始日志记录              |
[2024-03-26 12:56:20] [消息]============================================
[2024-03-26 12:56:20] [消息]============================================
[2024-03-26 12:56:26] [消息]Mplayer play 不再犹豫-黄家驹.128.mp3 success
[2024-03-26 12:56:29] [消息]Mplayer play 不再犹豫-黄家驹.128.mp3 success
[2024-03-26 12:56:32] [消息]Mplayer play 不再犹豫-黄家驹.128.mp3 success
[2024-03-26 12:56:34] [消息]Mplayer play 不再犹豫-黄家驹.128.mp3 success
[2024-03-26 12:57:34] [消息]============================================
[2024-03-26 12:57:34] [消息]============================================
[2024-03-26 12:57:34] [消息]| 媒体播放器启动，开始日志记录              |
[2024-03-26 12:57:34] [消息]============================================
[2024-03-26 12:57:34] [消息]============================================
[2024-03-26 12:57:37] [消息]Mplayer play 不再犹豫-黄家驹.128.mp3 success
[2024-03-26 12:57:39] [消息]Mplayer play 不再犹豫-黄家驹.128.mp3 success
[2024-03-26 12:57:42] [消息]Mplayer play 盘点猝不及防的搞笑瞬间，看一遍笑一遍.mp4 success
[2024-03-26 12:57:46] [消息]Mplayer play 搞笑视频合集，让你开心一整天！.mp4 success
[2024-03-26 12:57:50] [消息]Mplayer play 喜欢你-Beyond.128.mp3 success
[2024-03-26 12:57:53] [消息]Mplayer play 北京晚报.mp3 success
[2024-03-26 12:57:56] [消息]Mplayer play 光辉岁月-Beyond.320.mp3 success
[2024-03-26 12:57:59] [消息]Mplayer play 灰色轨迹-Beyond.128.mp3 success
[2024-03-26 12:58:05] [消息]Mplayer play 不再犹豫-黄家驹.128.mp3 success
[2024-03-26 12:58:08] [消息]Mplayer play 盘点猝不及防的搞笑瞬间，看一遍笑一遍.mp4 success
[2024-03-26 12:58:12] [消息]============================================
[2024-03-26 12:58:12] [消息]============================================
[2024-03-26 12:58:12] [消息]| 媒体播放器关闭，结束日志记录              |
[2024-03-26 12:58:12] [消息]============================================
[2024-03-26 12:58:12] [消息]============================================
[2024-03-26 12:58:37] [消息]============================================
[2024-03-26 12:58:37] [消息]============================================
[2024-03-26 12:58:37] [消息]| 媒体播放器启动，开始日志记录              |
[2024-03-26 12:58:37] [消息]============================================
[2024-03-26 12:58:37] [消息]============================================
[2024-03-26 12:58:39] [消息]Mplayer play 不再犹豫-黄家驹.128.mp3 success
[2024-03-26 12:58:41] [消息]============================================
[2024-03-26 12:58:41] [消息]============================================
[2024-03-26 12:58:41] [消息]| 媒体播放器关闭，结束日志记录              |
[2024-03-26 12:58:41] [消息]============================================
[2024-03-26 12:58:41] [消息]============================================
[2024-03-26 12:59:31] [消息]============================================
[2024-03-26 12:59:31] [消息]============================================
[2024-03-26 12:59:31] [消息]| 媒体播放器启动，开始日志记录              |
[2024-03-26 12:59:31] [消息]============================================
[2024-03-26 12:59:31] [消息]============================================
[2024-03-26 12:59:33] [消息]Mplayer play 不再犹豫-黄家驹.128.mp3 success
[2024-03-26 12:59:36] [消息]Mplayer play 不再犹豫-黄家驹.128.mp3 success
[2024-03-26 12:59:39] [消息]Mplayer play 盘点猝不及防的搞笑瞬间，看一遍笑一遍.mp4 success
[2024-03-26 12:59:46] [消息]============================================
[2024-03-26 12:59:46] [消息]============================================
[2024-03-26 12:59:46] [消息]| 媒体播放器关闭，结束日志记录              |
[2024-03-26 12:59:46] [消息]============================================
[2024-03-26 12:59:46] [消息]============================================
[2024-03-26 12:59:47] [消息]============================================
[2024-03-26 12:59:47] [消息]============================================
[2024-03-26 12:59:47] [消息]| 媒体播放器启动，开始日志记录              |
[2024-03-26 12:59:47] [消息]============================================
[2024-03-26 12:59:47] [消息]============================================
[2024-03-26 12:59:49] [消息]Mplayer play 不再犹豫-黄家驹.128.mp3 success
[2024-03-26 12:59:55] [消息]Mplayer play 不再犹豫-黄家驹.128.mp3 success
[2024-03-26 12:59:58] [消息]============================================
[2024-03-26 12:59:58] [消息]============================================
[2024-03-26 12:59:58] [消息]| 媒体播放器关闭，结束日志记录              |
[2024-03-26 12:59:58] [消息]============================================
[2024-03-26 12:59:58] [消息]============================================
[2024-03-26 13:01:11] [消息]============================================
[2024-03-26 13:01:11] [消息]============================================
[2024-03-26 13:01:11] [消息]| 媒体播放器启动，开始日志记录              |
[2024-03-26 13:01:11] [消息]============================================
[2024-03-26 13:01:11] [消息]============================================
[2024-03-26 13:01:12] [消息]播放模式切换为：顺序播放
[2024-03-26 13:01:18] [消息]播放模式切换为：随机播放
[2024-03-26 13:01:21] [消息]播放模式切换为：循环播放
[2024-03-26 13:02:34] [消息]============================================
[2024-03-26 13:02:34] [消息]============================================
[2024-03-26 13:02:34] [消息]| 媒体播放器启动，开始日志记录              |
[2024-03-26 13:02:34] [消息]============================================
[2024-03-26 13:02:34] [消息]============================================
[2024-03-26 13:02:36] [消息]播放模式切换为：顺序播放
[2024-03-26 13:02:39] [消息]播放模式切换为：随机播放
[2024-03-26 13:02:45] [消息]播放模式切换为：循环播放
[2024-03-26 13:03:13] [消息]============================================
[2024-03-26 13:03:13] [消息]============================================
[2024-03-26 13:03:13] [消息]| 媒体播放器启动，开始日志记录              |
[2024-03-26 13:03:13] [消息]============================================
[2024-03-26 13:03:13] [消息]============================================
[2024-03-26 13:03:15] [消息]播放模式切换为：顺序播放
[2024-03-26 13:03:18] [消息]播放模式切换为：随机播放
[2024-03-26 13:03:22] [消息]Mplayer play 灰色轨迹-Beyond.128.mp3 success
[2024-03-26 13:03:29] [消息]Mplayer play 不再犹豫-黄家驹.128.mp3 success
[2024-03-26 13:03:32] [消息]Mplayer play 盘点猝不及防的搞笑瞬间，看一遍笑一遍.mp4 success
[2024-03-26 13:03:37] [消息]Mplayer play 搞笑视频合集，让你开心一整天！.mp4 success
[2024-03-26 13:03:42] [消息]Mplayer play 喜欢你-Beyond.128.mp3 success
[2024-03-26 13:04:45] [消息]============================================
[2024-03-26 13:04:45] [消息]============================================
[2024-03-26 13:04:45] [消息]| 媒体播放器启动，开始日志记录              |
[2024-03-26 13:04:45] [消息]============================================
[2024-03-26 13:04:45] [消息]============================================
[2024-03-26 13:04:47] [消息]播放模式切换为：顺序播放
[2024-03-26 13:04:57] [消息]Mplayer play 不再犹豫-黄家驹.128.mp3 success
[2024-03-26 13:05:04] [消息]播放模式切换为：随机播放
[2024-03-26 13:05:10] [消息]Mplayer play 灰色轨迹-Beyond.128.mp3 success
[2024-03-26 13:05:25] [消息]Mplayer play 盘点猝不及防的搞笑瞬间，看一遍笑一遍.mp4 success
[2024-03-26 13:05:30] [消息]Mplayer play 搞笑视频合集，让你开心一整天！.mp4 success
[2024-03-26 13:05:36] [消息]Mplayer play 喜欢你-Beyond.128.mp3 success
[2024-03-26 13:05:41] [消息]Mplayer play 北京晚报.mp3 success
[2024-03-26 13:05:45] [消息]Mplayer play 光辉岁月-Beyond.320.mp3 success
[2024-03-26 13:05:48] [消息]Mplayer play 灰色轨迹-Beyond.128.mp3 success
[2024-03-26 13:05:53] [消息]Mplayer play 不再犹豫-黄家驹.128.mp3 success
[2024-03-26 13:06:00] [消息]Mplayer play 盘点猝不及防的搞笑瞬间，看一遍笑一遍.mp4 success
[2024-03-26 13:06:05] [消息]============================================
[2024-03-26 13:06:05] [消息]============================================
[2024-03-26 13:06:05] [消息]| 媒体播放器关闭，结束日志记录              |
[2024-03-26 13:06:05] [消息]============================================
[2024-03-26 13:06:05] [消息]============================================
[2024-03-26 13:09:03] [消息]============================================
[2024-03-26 13:09:03] [消息]============================================
[2024-03-26 13:09:03] [消息]| 媒体播放器启动，开始日志记录              |
[2024-03-26 13:09:03] [消息]============================================
[2024-03-26 13:09:03] [消息]============================================
[2024-03-26 13:09:05] [消息]播放模式切换为：顺序播放
[2024-03-26 13:09:07] [消息]播放模式切换为：随机播放
[2024-03-26 13:09:11] [消息]Mplayer play 喜欢你-Beyond.128.mp3 success
[2024-03-26 13:09:14] [消息]Mplayer play 不再犹豫-黄家驹.128.mp3 success
[2024-03-26 13:09:19] [消息]Mplayer play 盘点猝不及防的搞笑瞬间，看一遍笑一遍.mp4 success
[2024-03-26 13:09:24] [消息]Mplayer play 搞笑视频合集，让你开心一整天！.mp4 success
[2024-03-26 13:09:28] [消息]Mplayer play 喜欢你-Beyond.128.mp3 success
[2024-03-26 13:10:02] [消息]============================================
[2024-03-26 13:10:02] [消息]============================================
[2024-03-26 13:10:02] [消息]| 媒体播放器启动，开始日志记录              |
[2024-03-26 13:10:02] [消息]============================================
[2024-03-26 13:10:02] [消息]============================================
[2024-03-26 13:10:04] [消息]播放模式切换为：顺序播放
[2024-03-26 13:10:06] [消息]播放模式切换为：随机播放
[2024-03-26 13:10:12] [消息]Mplayer play 搞笑视频合集，让你开心一整天！.mp4 success
[2024-03-26 13:10:20] [消息]Mplayer play 不再犹豫-黄家驹.128.mp3 success
[2024-03-26 13:10:22] [消息]Mplayer play 盘点猝不及防的搞笑瞬间，看一遍笑一遍.mp4 success
[2024-03-26 13:10:27] [消息]Mplayer play 搞笑视频合集，让你开心一整天！.mp4 success
[2024-03-26 13:10:31] [消息]Mplayer play 喜欢你-Beyond.128.mp3 success
[2024-03-26 13:11:32] [消息]============================================
[2024-03-26 13:11:32] [消息]============================================
[2024-03-26 13:11:32] [消息]| 媒体播放器启动，开始日志记录              |
[2024-03-26 13:11:32] [消息]============================================
[2024-03-26 13:11:32] [消息]============================================
[2024-03-26 13:11:34] [消息]播放模式切换为：顺序播放
[2024-03-26 13:11:36] [消息]播放模式切换为：随机播放
[2024-03-26 13:11:40] [消息]Mplayer play 灰色轨迹-Beyond.128.mp3 success
[2024-03-26 13:11:45] [消息]Mplayer play 喜欢你-Beyond.128.mp3 success
[2024-03-26 13:11:48] [消息]Mplayer play 灰色轨迹-Beyond.128.mp3 success
[2024-03-26 13:11:53] [消息]Mplayer play 北京晚报.mp3 success
[2024-03-26 13:11:58] [消息]Mplayer play 喜欢你-Beyond.128.mp3 success
[2024-03-26 13:12:03] [消息]Mplayer play 光辉岁月-Beyond.320.mp3 success
[2024-03-26 13:12:08] [消息]Mplayer play 喜欢你-Beyond.128.mp3 success
[2024-03-26 13:12:12] [消息]播放模式切换为：循环播放
[2024-03-26 13:12:24] [消息]Mplayer play 不再犹豫-黄家驹.128.mp3 success
[2024-03-26 13:12:26] [消息]Mplayer play 不再犹豫-黄家驹.128.mp3 success
[2024-03-26 13:12:28] [消息]Mplayer play 不再犹豫-黄家驹.128.mp3 success
[2024-03-26 13:12:31] [消息]Mplayer play 不再犹豫-黄家驹.128.mp3 success
[2024-03-26 13:13:06] [消息]Mplayer play 灰色轨迹-Beyond.128.mp3 success
[2024-03-26 13:13:08] [消息]Mplayer play 光辉岁月-Beyond.320.mp3 success
[2024-03-26 13:13:15] [消息]============================================
[2024-03-26 13:13:15] [消息]============================================
[2024-03-26 13:13:15] [消息]| 媒体播放器关闭，结束日志记录              |
[2024-03-26 13:13:15] [消息]============================================
[2024-03-26 13:13:15] [消息]============================================
[2024-03-26 13:13:44] [消息]============================================
[2024-03-26 13:13:44] [消息]============================================
[2024-03-26 13:13:44] [消息]| 媒体播放器启动，开始日志记录              |
[2024-03-26 13:13:44] [消息]============================================
[2024-03-26 13:13:44] [消息]============================================
[2024-03-26 13:13:46] [消息]Mplayer play 搞笑视频合集，让你开心一整天！.mp4 success
[2024-03-26 13:13:50] [消息]快进 ✖ 2[2024-03-26 13:13:52] [消息]快进 ✖ 4[2024-03-26 13:13:55] [消息]快进 ✖ 1[2024-03-26 13:13:57] [消息]快进 ✖ 2[2024-03-26 13:14:01] [消息]============================================
[2024-03-26 13:14:01] [消息]============================================
[2024-03-26 13:14:01] [消息]| 媒体播放器关闭，结束日志记录              |
[2024-03-26 13:14:01] [消息]============================================
[2024-03-26 13:14:01] [消息]============================================
[2024-03-26 13:15:49] [消息]============================================
[2024-03-26 13:15:49] [消息]============================================
[2024-03-26 13:15:49] [消息]| 媒体播放器关闭，结束日志记录              |
[2024-03-26 13:15:49] [消息]============================================
[2024-03-26 13:15:49] [消息]============================================
[2024-03-26 13:31:41] [消息]============================================
[2024-03-26 13:31:41] [消息]============================================
[2024-03-26 13:31:41] [消息]| 媒体播放器启动，开始日志记录              |
[2024-03-26 13:31:41] [消息]============================================
[2024-03-26 13:31:41] [消息]============================================
[2024-03-26 13:31:44] [消息]Mplayer play 不再犹豫-黄家驹.128.mp3 success
[2024-03-26 13:31:48] [消息]Mplayer play 搞笑视频合集，让你开心一整天！.mp4 success
[2024-03-26 13:32:13] [消息]Mplayer play 不再犹豫-黄家驹.128.mp3 success
[2024-03-26 13:32:15] [消息]Mplayer play 不再犹豫-黄家驹.128.mp3 success
[2024-03-26 13:32:17] [消息]Mplayer play 不再犹豫-黄家驹.128.mp3 success
[2024-03-26 13:32:19] [消息]Mplayer play 不再犹豫-黄家驹.128.mp3 success
[2024-03-26 13:32:20] [消息]Mplayer play 不再犹豫-黄家驹.128.mp3 success
[2024-03-26 13:32:22] [消息]播放模式切换为：顺序播放
[2024-03-26 13:32:25] [消息]播放模式切换为：随机播放
[2024-03-26 13:32:28] [消息]播放模式切换为：循环播放
[2024-03-26 13:32:32] [消息]Mplayer play 不再犹豫-黄家驹.128.mp3 success
[2024-03-26 13:32:34] [消息]Mplayer play 不再犹豫-黄家驹.128.mp3 success
[2024-03-26 13:32:36] [消息]Mplayer play 不再犹豫-黄家驹.128.mp3 success
[2024-03-26 13:32:37] [消息]Mplayer play 不再犹豫-黄家驹.128.mp3 success
[2024-03-26 13:32:39] [消息]播放模式切换为：顺序播放
[2024-03-26 13:32:42] [消息]Mplayer play 不再犹豫-黄家驹.128.mp3 success
[2024-03-26 13:32:44] [消息]Mplayer play 盘点猝不及防的搞笑瞬间，看一遍笑一遍.mp4 success
[2024-03-26 13:32:47] [消息]Mplayer play 搞笑视频合集，让你开心一整天！.mp4 success
[2024-03-26 13:32:49] [消息]Mplayer play 喜欢你-Beyond.128.mp3 success
[2024-03-26 13:32:51] [消息]Mplayer play 北京晚报.mp3 success
[2024-03-26 13:32:53] [消息]Mplayer play 光辉岁月-Beyond.320.mp3 success
[2024-03-26 13:32:55] [消息]Mplayer play 灰色轨迹-Beyond.128.mp3 success
[2024-03-26 13:42:02] [消息]
[2024-03-26 13:42:02] [消息]
[2024-03-26 13:42:02] [消息]============================================
[2024-03-26 13:42:02] [消息]============================================
[2024-03-26 13:42:02] [消息]| 媒体播放器启动，开始日志记录              |
[2024-03-26 13:42:02] [消息]============================================
[2024-03-26 13:42:02] [消息]============================================
[2024-03-26 13:42:22] [消息]
[2024-03-26 13:42:22] [消息]
[2024-03-26 13:42:22] [消息]============================================
[2024-03-26 13:42:22] [消息]============================================
[2024-03-26 13:42:22] [消息]| 媒体播放器启动，开始日志记录              |
[2024-03-26 13:42:22] [消息]============================================
[2024-03-26 13:42:22] [消息]============================================
[2024-03-26 13:42:52] [消息]
[2024-03-26 13:42:52] [消息]
[2024-03-26 13:42:52] [消息]============================================
[2024-03-26 13:42:52] [消息]============================================
[2024-03-26 13:42:52] [消息]| 媒体播放器启动，开始日志记录              |
[2024-03-26 13:42:52] [消息]============================================
[2024-03-26 13:42:52] [消息]============================================
[2024-03-26 13:43:32] [消息]
[2024-03-26 13:43:32] [消息]
[2024-03-26 13:43:32] [消息]============================================
[2024-03-26 13:43:32] [消息]============================================
[2024-03-26 13:43:32] [消息]         媒体播放器启动，开始日志记录            
[2024-03-26 13:43:32] [消息]============================================
[2024-03-26 13:43:32] [消息]============================================
[2024-03-26 13:43:35] [消息]Mplayer play 不再犹豫-黄家驹.128.mp3 success
[2024-03-26 13:43:37] [消息]============================================
[2024-03-26 13:43:37] [消息]============================================
[2024-03-26 13:43:37] [消息]         媒体播放器关闭，结束日志记录            
[2024-03-26 13:43:37] [消息]============================================
[2024-03-26 13:43:37] [消息]============================================
[2024-03-26 13:43:37] [消息]
[2024-03-26 13:43:37] [消息]
[2024-03-26 13:44:16] [消息]
[2024-03-26 13:44:16] [消息]
[2024-03-26 13:44:16] [消息]============================================
[2024-03-26 13:44:16] [消息]============================================
[2024-03-26 13:44:16] [消息]         媒体播放器启动，开始日志记录            
[2024-03-26 13:44:16] [消息]============================================
[2024-03-26 13:44:16] [消息]============================================
[2024-03-26 13:44:16] [消息]
[2024-03-26 13:44:16] [消息]
[2024-03-26 13:44:17] [消息]Mplayer play 不再犹豫-黄家驹.128.mp3 success
[2024-03-26 13:44:26] [消息]
[2024-03-26 13:44:26] [消息]
[2024-03-26 13:44:26] [消息]============================================
[2024-03-26 13:44:26] [消息]============================================
[2024-03-26 13:44:26] [消息]         媒体播放器关闭，结束日志记录            
[2024-03-26 13:44:26] [消息]============================================
[2024-03-26 13:44:26] [消息]============================================
[2024-03-26 13:44:26] [消息]
[2024-03-26 13:44:26] [消息]
[2024-03-26 13:45:07] [消息]
[2024-03-26 13:45:07] [消息]
[2024-03-26 13:45:07] [消息]============================================
[2024-03-26 13:45:07] [消息]============================================
[2024-03-26 13:45:07] [消息]         媒体播放器启动，开始日志记录            
[2024-03-26 13:45:07] [消息]============================================
[2024-03-26 13:45:07] [消息]============================================
[2024-03-26 13:45:09] [消息]Mplayer play 不再犹豫-黄家驹.128.mp3 success
[2024-03-26 13:45:15] [消息]============================================
[2024-03-26 13:45:15] [消息]============================================
[2024-03-26 13:45:15] [消息]         媒体播放器关闭，结束日志记录            
[2024-03-26 13:45:15] [消息]============================================
[2024-03-26 13:45:15] [消息]============================================
[2024-03-26 13:45:28] [消息]
[2024-03-26 13:45:28] [消息]
[2024-03-26 13:45:28] [消息]============================================
[2024-03-26 13:45:28] [消息]============================================
[2024-03-26 13:45:28] [消息]         媒体播放器启动，开始日志记录            
[2024-03-26 13:45:28] [消息]============================================
[2024-03-26 13:45:28] [消息]============================================
[2024-03-26 13:45:33] [消息]Mplayer play 不再犹豫-黄家驹.128.mp3 success
[2024-03-26 13:45:33] [消息]Mplayer play 灰色轨迹-Beyond.128.mp3 success
[2024-03-26 13:45:34] [消息]Mplayer play 光辉岁月-Beyond.320.mp3 success
[2024-03-26 13:45:35] [消息]Mplayer play 不再犹豫-黄家驹.128.mp3 success
[2024-03-26 13:45:36] [消息]Mplayer play  success
[2024-03-26 13:45:37] [消息]Mplayer play 灰色轨迹-Beyond.128.mp3 success
[2024-03-26 13:45:37] [消息]Mplayer play 不再犹豫-黄家驹.128.mp3 success
[2024-03-26 13:45:38] [消息]Mplayer play 光辉岁月-Beyond.320.mp3 success
[2024-03-26 13:45:39] [消息]Mplayer play 北京晚报.mp3 success
[2024-03-26 13:45:43] [消息]Mplayer play 不再犹豫-黄家驹.128.mp3 success
[2024-03-26 13:45:56] [消息]Mplayer play 不再犹豫-黄家驹.128.mp3 success
[2024-03-26 13:46:01] [消息]Mplayer play 不再犹豫-黄家驹.128.mp3 success
[2024-03-26 13:46:02] [消息]停止播放媒体文件
[2024-03-26 13:46:06] [消息]Mplayer play 不再犹豫-黄家驹.128.mp3 success
[2024-03-26 13:46:11] [消息]媒体状态切换为：暂停状态
[2024-03-26 13:46:15] [消息]媒体状态切换为：播放状态
[2024-03-26 13:46:21] [消息]快进 ✖ 2[2024-03-26 13:46:26] [消息]快进 ✖ 4[2024-03-26 13:46:31] [消息]快进 ✖ 1[2024-03-26 18:52:23] [消息]
[2024-03-26 18:52:23] [消息]
[2024-03-26 18:52:23] [消息]============================================
[2024-03-26 18:52:23] [消息]============================================
[2024-03-26 18:52:23] [消息]         媒体播放器启动，开始日志记录            
[2024-03-26 18:52:23] [消息]============================================
[2024-03-26 18:52:23] [消息]============================================
[2024-03-26 18:52:39] [消息]Mplayer play 不再犹豫-黄家驹.128.mp3 success
[2024-03-26 18:52:41] [消息]快进 ✖ 2
[2024-03-26 18:52:42] [消息]============================================
[2024-03-26 18:52:42] [消息]============================================
[2024-03-26 18:52:42] [消息]         媒体播放器关闭，结束日志记录            
[2024-03-26 18:52:42] [消息]============================================
[2024-03-26 18:52:42] [消息]============================================
[2024-03-26 19:01:24] [消息]
[2024-03-26 19:01:24] [消息]
[2024-03-26 19:01:24] [消息]============================================
[2024-03-26 19:01:24] [消息]============================================
[2024-03-26 19:01:24] [消息]         媒体播放器启动，开始日志记录            
[2024-03-26 19:01:24] [消息]============================================
[2024-03-26 19:01:24] [消息]============================================
[2024-03-26 19:01:43] [消息]
[2024-03-26 19:01:43] [消息]
[2024-03-26 19:01:43] [消息]============================================
[2024-03-26 19:01:43] [消息]============================================
[2024-03-26 19:01:43] [消息]         媒体播放器启动，开始日志记录            
[2024-03-26 19:01:43] [消息]============================================
[2024-03-26 19:01:43] [消息]============================================
[2024-03-26 19:02:16] [消息]Mplayer play 不再犹豫-黄家驹.128.mp3 success
[2024-03-26 19:02:23] [消息]Mplayer play 不再犹豫-黄家驹.128.mp3 success
[2024-03-26 19:02:26] [消息]Mplayer play 不再犹豫-黄家驹.128.mp3 success
[2024-03-26 19:02:31] [消息]播放模式切换为：顺序播放
[2024-03-26 19:02:37] [消息]Mplayer play 灰色轨迹-Beyond.128.mp3 success
[2024-03-26 19:02:43] [消息]Mplayer play 灰色轨迹-Beyond.128.mp3 success
[2024-03-26 19:02:49] [消息]Mplayer play 灰色轨迹-Beyond.128.mp3 success
[2024-03-26 19:03:28] [消息]
[2024-03-26 19:03:28] [消息]
[2024-03-26 19:03:28] [消息]============================================
[2024-03-26 19:03:28] [消息]============================================
[2024-03-26 19:03:28] [消息]         媒体播放器启动，开始日志记录            
[2024-03-26 19:03:28] [消息]============================================
[2024-03-26 19:03:28] [消息]============================================
[2024-03-26 19:03:30] [消息]Mplayer play 灰色轨迹-Beyond.128.mp3 success
[2024-03-26 19:03:35] [消息]Mplayer play 不再犹豫-黄家驹.128.mp3 success
[2024-03-26 19:03:37] [消息]Mplayer play 不再犹豫-黄家驹.128.mp3 success
[2024-03-26 19:03:39] [消息]Mplayer play 不再犹豫-黄家驹.128.mp3 success
[2024-03-26 19:03:42] [消息]Mplayer play 不再犹豫-黄家驹.128.mp3 success
[2024-03-26 19:03:43] [消息]播放模式切换为：顺序播放
[2024-03-26 19:03:47] [消息]Mplayer play  success
[2024-03-26 19:03:53] [消息]Mplayer play  success
[2024-03-26 19:03:56] [消息]Mplayer play  success
[2024-03-26 19:03:57] [消息]Mplayer play  success
[2024-03-26 19:05:47] [消息]
[2024-03-26 19:05:47] [消息]
[2024-03-26 19:05:47] [消息]============================================
[2024-03-26 19:05:47] [消息]============================================
[2024-03-26 19:05:47] [消息]         媒体播放器启动，开始日志记录            
[2024-03-26 19:05:47] [消息]============================================
[2024-03-26 19:05:47] [消息]============================================
[2024-03-26 19:05:50] [消息]Mplayer play 不再犹豫-黄家驹.128.mp3 success
[2024-03-26 19:05:52] [消息]Mplayer play 不再犹豫-黄家驹.128.mp3 success
[2024-03-26 19:05:54] [消息]Mplayer play 不再犹豫-黄家驹.128.mp3 success
[2024-03-26 19:05:56] [消息]Mplayer play 不再犹豫-黄家驹.128.mp3 success
[2024-03-26 19:06:53] [消息]
[2024-03-26 19:06:53] [消息]
[2024-03-26 19:06:53] [消息]============================================
[2024-03-26 19:06:53] [消息]============================================
[2024-03-26 19:06:53] [消息]         媒体播放器启动，开始日志记录            
[2024-03-26 19:06:53] [消息]============================================
[2024-03-26 19:06:53] [消息]============================================
[2024-03-26 19:06:55] [消息]Mplayer play 不再犹豫-黄家驹.128.mp3 success
[2024-03-26 19:06:58] [消息]Mplayer play  success
[2024-03-26 19:07:01] [消息]Mplayer play  success
[2024-03-26 19:07:04] [消息]Mplayer play  success
[2024-03-26 19:07:19] [消息]
[2024-03-26 19:07:19] [消息]
[2024-03-26 19:07:19] [消息]============================================
[2024-03-26 19:07:19] [消息]============================================
[2024-03-26 19:07:19] [消息]         媒体播放器启动，开始日志记录            
[2024-03-26 19:07:19] [消息]============================================
[2024-03-26 19:07:19] [消息]============================================
[2024-03-26 19:07:21] [消息]Mplayer play 不再犹豫-黄家驹.128.mp3 success
[2024-03-26 19:07:24] [消息]Mplayer play 不再犹豫-黄家驹.128.mp3 success
[2024-03-26 19:07:26] [消息]Mplayer play 不再犹豫-黄家驹.128.mp3 success
[2024-03-26 19:07:44] [消息]
[2024-03-26 19:07:44] [消息]
[2024-03-26 19:07:44] [消息]============================================
[2024-03-26 19:07:44] [消息]============================================
[2024-03-26 19:07:44] [消息]         媒体播放器启动，开始日志记录            
[2024-03-26 19:07:44] [消息]============================================
[2024-03-26 19:07:44] [消息]============================================
[2024-03-26 19:07:47] [消息]Mplayer play 不再犹豫-黄家驹.128.mp3 success
[2024-03-26 19:07:57] [消息]Mplayer play 不再犹豫-黄家驹.128.mp3 success
[2024-03-26 19:07:57] [消息]播放模式切换为：顺序播放
[2024-03-26 19:08:07] [消息]Mplayer play  success
[2024-03-26 19:08:15] [消息]Mplayer play  success
[2024-03-26 19:08:21] [消息]Mplayer play  success
[2024-03-26 19:08:24] [消息]Mplayer play  success
[2024-03-26 19:09:05] [消息]
[2024-03-26 19:09:05] [消息]
[2024-03-26 19:09:05] [消息]============================================
[2024-03-26 19:09:05] [消息]============================================
[2024-03-26 19:09:05] [消息]         媒体播放器启动，开始日志记录            
[2024-03-26 19:09:05] [消息]============================================
[2024-03-26 19:09:05] [消息]============================================
[2024-03-26 19:09:07] [消息]Mplayer play 不再犹豫-黄家驹.128.mp3 success
[2024-03-26 19:09:09] [消息]Mplayer play 不再犹豫-黄家驹.128.mp3 success
[2024-03-26 19:09:11] [消息]Mplayer play 不再犹豫-黄家驹.128.mp3 success
[2024-03-26 19:09:13] [消息]Mplayer play 不再犹豫-黄家驹.128.mp3 success
[2024-03-26 19:09:15] [消息]播放模式切换为：顺序播放
[2024-03-26 19:09:17] [消息]Mplayer play 不再犹豫-黄家驹.128.mp3 success
[2024-03-26 19:09:19] [消息]Mplayer play 盘点猝不及防的搞笑瞬间，看一遍笑一遍.mp4 success
[2024-03-26 19:09:23] [消息]Mplayer play 搞笑视频合集，让你开心一整天！.mp4 success
[2024-03-26 19:09:26] [消息]Mplayer play 喜欢你-Beyond.128.mp3 success
[2024-03-26 19:09:28] [消息]媒体状态切换为：暂停状态
[2024-03-26 19:09:30] [消息]媒体状态切换为：播放状态
[2024-03-26 19:09:35] [消息]媒体状态切换为：暂停状态
[2024-03-26 19:09:38] [消息]媒体状态切换为：播放状态
[2024-03-26 19:09:45] [消息]媒体状态切换为：暂停状态
[2024-03-26 19:09:47] [消息]停止播放媒体文件
[2024-03-26 19:09:49] [消息]============================================
[2024-03-26 19:09:49] [消息]============================================
[2024-03-26 19:09:49] [消息]         媒体播放器关闭，结束日志记录            
[2024-03-26 19:09:49] [消息]============================================
[2024-03-26 19:09:49] [消息]============================================
[2024-03-26 19:10:21] [消息]
[2024-03-26 19:10:21] [消息]
[2024-03-26 19:10:21] [消息]============================================
[2024-03-26 19:10:21] [消息]============================================
[2024-03-26 19:10:21] [消息]         媒体播放器启动，开始日志记录            
[2024-03-26 19:10:21] [消息]============================================
[2024-03-26 19:10:21] [消息]============================================
[2024-03-26 19:10:22] [消息]播放模式切换为：顺序播放
[2024-03-26 19:10:25] [消息]Mplayer play 不再犹豫-黄家驹.128.mp3 success
[2024-03-26 19:10:29] [消息]Mplayer play  success
[2024-03-26 19:10:32] [消息]Mplayer play  success
[2024-03-26 19:10:33] [消息]Mplayer play  success
[2024-03-26 19:10:55] [消息]
[2024-03-26 19:10:55] [消息]
[2024-03-26 19:10:55] [消息]============================================
[2024-03-26 19:10:55] [消息]============================================
[2024-03-26 19:10:55] [消息]         媒体播放器启动，开始日志记录            
[2024-03-26 19:10:55] [消息]============================================
[2024-03-26 19:10:55] [消息]============================================
[2024-03-26 19:10:57] [消息]Mplayer play 不再犹豫-黄家驹.128.mp3 success
[2024-03-26 19:10:59] [消息]Mplayer play 不再犹豫-黄家驹.128.mp3 success
[2024-03-26 19:11:01] [消息]Mplayer play 不再犹豫-黄家驹.128.mp3 success
[2024-03-26 19:11:02] [消息]播放模式切换为：顺序播放
[2024-03-26 19:11:05] [消息]Mplayer play  success
[2024-03-26 19:11:08] [消息]Mplayer play 搞笑视频合集，让你开心一整天！.mp4 success
[2024-03-26 19:11:12] [消息]Mplayer play 喜欢你-Beyond.128.mp3 success
[2024-03-26 19:11:14] [消息]Mplayer play 北京晚报.mp3 success
[2024-03-26 19:11:18] [消息]Mplayer play 光辉岁月-Beyond.320.mp3 success
[2024-03-26 19:11:20] [消息]Mplayer play 灰色轨迹-Beyond.128.mp3 success
[2024-03-26 19:11:23] [消息]Mplayer play 不再犹豫-黄家驹.128.mp3 success
[2024-03-26 19:11:25] [消息]Mplayer play  success
[2024-03-26 19:11:31] [消息]Mplayer play 搞笑视频合集，让你开心一整天！.mp4 success
[2024-03-26 19:11:49] [消息]
[2024-03-26 19:11:49] [消息]
[2024-03-26 19:11:49] [消息]============================================
[2024-03-26 19:11:49] [消息]============================================
[2024-03-26 19:11:49] [消息]         媒体播放器启动，开始日志记录            
[2024-03-26 19:11:49] [消息]============================================
[2024-03-26 19:11:49] [消息]============================================
[2024-03-26 19:11:52] [消息]Mplayer play 不再犹豫-黄家驹.128.mp3 success
[2024-03-26 19:11:55] [消息]Mplayer play 不再犹豫-黄家驹.128.mp3 success
[2024-03-26 19:11:56] [消息]播放模式切换为：顺序播放
[2024-03-26 19:11:59] [消息]Mplayer play  success
[2024-03-26 19:12:01] [消息]Mplayer play 搞笑视频合集，让你开心一整天！.mp4 success
[2024-03-26 19:12:04] [消息]Mplayer play 喜欢你-Beyond.128.mp3 success
[2024-03-26 19:12:07] [消息]Mplayer play 北京晚报.mp3 success
[2024-03-26 19:12:50] [消息]
[2024-03-26 19:12:50] [消息]
[2024-03-26 19:12:50] [消息]============================================
[2024-03-26 19:12:50] [消息]============================================
[2024-03-26 19:12:50] [消息]         媒体播放器启动，开始日志记录            
[2024-03-26 19:12:50] [消息]============================================
[2024-03-26 19:12:50] [消息]============================================
[2024-03-26 19:12:52] [消息]Mplayer play 灰色轨迹-Beyond.128.mp3 success
[2024-03-26 19:12:57] [消息]Mplayer play 不再犹豫-黄家驹.128.mp3 success
[2024-03-26 19:13:00] [消息]Mplayer play 不再犹豫-黄家驹.128.mp3 success
[2024-03-26 19:13:02] [消息]Mplayer play 不再犹豫-黄家驹.128.mp3 success
[2024-03-26 19:13:04] [消息]Mplayer play 不再犹豫-黄家驹.128.mp3 success
[2024-03-26 19:13:05] [消息]播放模式切换为：顺序播放
[2024-03-26 19:13:09] [消息]Mplayer play  success
[2024-03-26 19:13:12] [消息]Mplayer play 搞笑视频合集，让你开心一整天！.mp4 success
[2024-03-26 19:13:17] [消息]Mplayer play 喜欢你-Beyond.128.mp3 success
[2024-03-26 19:17:44] [消息]
[2024-03-26 19:17:44] [消息]
[2024-03-26 19:17:44] [消息]============================================
[2024-03-26 19:17:44] [消息]============================================
[2024-03-26 19:17:44] [消息]         媒体播放器启动，开始日志记录            
[2024-03-26 19:17:44] [消息]============================================
[2024-03-26 19:17:44] [消息]============================================
[2024-03-26 19:17:46] [消息]Mplayer play 不再犹豫-黄家驹.128.mp3 success
[2024-03-26 19:17:48] [消息]Mplayer play 不再犹豫-黄家驹.128.mp3 success
[2024-03-26 19:17:56] [消息]播放模式切换为：顺序播放
[2024-03-26 19:18:08] [消息]Mplayer play  success
[2024-03-26 19:18:10] [消息]Mplayer play 搞笑视频合集，让你开心一整天！.mp4 success
[2024-03-26 19:18:13] [消息]Mplayer play 喜欢你-Beyond.128.mp3 success
[2024-03-26 19:18:16] [消息]Mplayer play 北京晚报.mp3 success
[2024-03-26 19:18:19] [消息]Mplayer play 光辉岁月-Beyond.320.mp3 success
[2024-03-26 19:18:23] [消息]Mplayer play 灰色轨迹-Beyond.128.mp3 success
[2024-03-26 19:18:26] [消息]Mplayer play 不再犹豫-黄家驹.128.mp3 success
[2024-03-26 19:18:28] [消息]Mplayer play  success
[2024-03-26 19:18:30] [消息]Mplayer play 搞笑视频合集，让你开心一整天！.mp4 success
[2024-03-26 19:19:17] [消息]
[2024-03-26 19:19:17] [消息]
[2024-03-26 19:19:17] [消息]============================================
[2024-03-26 19:19:17] [消息]============================================
[2024-03-26 19:19:17] [消息]         媒体播放器启动，开始日志记录            
[2024-03-26 19:19:17] [消息]============================================
[2024-03-26 19:19:17] [消息]============================================
[2024-03-26 19:19:20] [消息]Mplayer play 不再犹豫-黄家驹.128.mp3 success
[2024-03-26 19:19:21] [消息]播放模式切换为：顺序播放
[2024-03-26 19:19:23] [消息]Mplayer play  success
[2024-03-26 19:19:26] [消息]Mplayer play 盘点猝不及防的搞笑瞬间，看一遍笑一遍.mp4 success
[2024-03-26 19:19:29] [消息]Mplayer play 搞笑视频合集，让你开心一整天！.mp4 success
[2024-03-26 19:19:32] [消息]Mplayer play 喜欢你-Beyond.128.mp3 success
[2024-03-26 19:19:34] [消息]Mplayer play 北京晚报.mp3 success
[2024-03-26 19:19:36] [消息]Mplayer play 光辉岁月-Beyond.320.mp3 success
[2024-03-26 19:19:44] [消息]Mplayer play 灰色轨迹-Beyond.128.mp3 success
[2024-03-26 19:19:47] [消息]Mplayer play 不再犹豫-黄家驹.128.mp3 success
[2024-03-26 19:19:49] [消息]Mplayer play  success
[2024-03-26 19:19:55] [消息]Mplayer play 盘点猝不及防的搞笑瞬间，看一遍笑一遍.mp4 success
[2024-03-26 19:20:00] [消息]Mplayer play 搞笑视频合集，让你开心一整天！.mp4 success
[2024-03-26 19:20:01] [消息]============================================
[2024-03-26 19:20:01] [消息]============================================
[2024-03-26 19:20:01] [消息]         媒体播放器关闭，结束日志记录            
[2024-03-26 19:20:01] [消息]============================================
[2024-03-26 19:20:01] [消息]============================================
[2024-03-26 19:20:11] [消息]
[2024-03-26 19:20:11] [消息]
[2024-03-26 19:20:11] [消息]============================================
[2024-03-26 19:20:11] [消息]============================================
[2024-03-26 19:20:11] [消息]         媒体播放器启动，开始日志记录            
[2024-03-26 19:20:11] [消息]============================================
[2024-03-26 19:20:11] [消息]============================================
[2024-03-26 19:20:14] [消息]Mplayer play  success
[2024-03-26 19:20:18] [消息]Mplayer play  success
[2024-03-26 19:20:22] [消息]播放模式切换为：顺序播放
[2024-03-26 19:20:27] [消息]Mplayer play 盘点猝不及防的搞笑瞬间，看一遍笑一遍.mp4 success
[2024-03-26 19:20:31] [消息]Mplayer play 搞笑视频合集，让你开心一整天！.mp4 success
[2024-03-26 19:20:34] [消息]Mplayer play 喜欢你-Beyond.128.mp3 success
[2024-03-26 19:20:37] [消息]Mplayer play 北京晚报.mp3 success
[2024-03-26 19:20:41] [消息]Mplayer play 光辉岁月-Beyond.320.mp3 success
[2024-03-26 19:20:43] [消息]Mplayer play 灰色轨迹-Beyond.128.mp3 success
[2024-03-26 19:20:49] [消息]Mplayer play 不再犹豫-黄家驹.128.mp3 success
[2024-03-26 19:20:51] [消息]Mplayer play 盘点猝不及防的搞笑瞬间，看一遍笑一遍.mp4 success
[2024-03-26 19:21:05] [消息]
[2024-03-26 19:21:05] [消息]
[2024-03-26 19:21:05] [消息]============================================
[2024-03-26 19:21:05] [消息]============================================
[2024-03-26 19:21:05] [消息]         媒体播放器启动，开始日志记录            
[2024-03-26 19:21:05] [消息]============================================
[2024-03-26 19:21:05] [消息]============================================
[2024-03-26 19:21:07] [消息]Mplayer play  success
[2024-03-26 19:21:09] [消息]Mplayer play  success
[2024-03-26 19:21:11] [消息]播放模式切换为：顺序播放
[2024-03-26 19:21:13] [消息]Mplayer play 盘点猝不及防的搞笑瞬间，看一遍笑一遍.mp4 success
[2024-03-26 19:21:16] [消息]Mplayer play 搞笑视频合集，让你开心一整天！.mp4 success
[2024-03-26 19:21:18] [消息]Mplayer play 喜欢你-Beyond.128.mp3 success
[2024-03-26 19:21:19] [消息]Mplayer play 北京晚报.mp3 success
[2024-03-26 19:21:21] [消息]Mplayer play 光辉岁月-Beyond.320.mp3 success
[2024-03-26 19:21:23] [消息]Mplayer play 灰色轨迹-Beyond.128.mp3 success
[2024-03-26 19:21:28] [消息]Mplayer play 不再犹豫-黄家驹.128.mp3 success
[2024-03-26 19:21:30] [消息]Mplayer play 盘点猝不及防的搞笑瞬间，看一遍笑一遍.mp4 success
[2024-03-26 19:21:34] [消息]Mplayer play 搞笑视频合集，让你开心一整天！.mp4 success
[2024-03-26 19:21:38] [消息]============================================
[2024-03-26 19:21:38] [消息]============================================
[2024-03-26 19:21:38] [消息]         媒体播放器关闭，结束日志记录            
[2024-03-26 19:21:38] [消息]============================================
[2024-03-26 19:21:38] [消息]============================================
[2024-03-26 19:22:08] [消息]
[2024-03-26 19:22:08] [消息]
[2024-03-26 19:22:08] [消息]============================================
[2024-03-26 19:22:08] [消息]============================================
[2024-03-26 19:22:08] [消息]         媒体播放器启动，开始日志记录            
[2024-03-26 19:22:08] [消息]============================================
[2024-03-26 19:22:08] [消息]============================================
[2024-03-26 19:22:09] [消息]Mplayer play  success
[2024-03-26 19:22:12] [消息]播放模式切换为：顺序播放
[2024-03-26 19:22:14] [消息]Mplayer play 盘点猝不及防的搞笑瞬间，看一遍笑一遍.mp4 success
[2024-03-26 19:22:22] [消息]Mplayer play 搞笑视频合集，让你开心一整天！.mp4 success
[2024-03-26 19:22:35] [消息]
[2024-03-26 19:22:35] [消息]
[2024-03-26 19:22:35] [消息]============================================
[2024-03-26 19:22:35] [消息]============================================
[2024-03-26 19:22:35] [消息]         媒体播放器启动，开始日志记录            
[2024-03-26 19:22:35] [消息]============================================
[2024-03-26 19:22:35] [消息]============================================
[2024-03-26 19:22:35] [消息]Mplayer play 盘点猝不及防的搞笑瞬间，看一遍笑一遍.mp4 success
[2024-03-26 19:22:38] [消息]Mplayer play 盘点猝不及防的搞笑瞬间，看一遍笑一遍.mp4 success
[2024-03-26 19:22:40] [消息]Mplayer play 盘点猝不及防的搞笑瞬间，看一遍笑一遍.mp4 success
[2024-03-26 19:22:43] [消息]播放模式切换为：顺序播放
[2024-03-26 19:22:46] [消息]Mplayer play 搞笑视频合集，让你开心一整天！.mp4 success
[2024-03-26 19:22:49] [消息]Mplayer play 喜欢你-Beyond.128.mp3 success
[2024-03-26 19:22:51] [消息]Mplayer play 北京晚报.mp3 success
[2024-03-26 19:22:52] [消息]Mplayer play 光辉岁月-Beyond.320.mp3 success
[2024-03-26 19:22:53] [消息]Mplayer play 灰色轨迹-Beyond.128.mp3 success
[2024-03-26 19:22:56] [消息]Mplayer play 不再犹豫-黄家驹.128.mp3 success
[2024-03-26 19:22:57] [消息]Mplayer play 搞笑视频合集，让你开心一整天！.mp4 success
[2024-03-26 19:22:59] [消息]Mplayer play 喜欢你-Beyond.128.mp3 success
[2024-03-26 19:23:03] [消息]Mplayer play 北京晚报.mp3 success
[2024-03-26 19:23:06] [消息]Mplayer play 光辉岁月-Beyond.320.mp3 success
[2024-03-26 19:23:07] [消息]Mplayer play 灰色轨迹-Beyond.128.mp3 success
[2024-03-26 19:23:08] [消息]Mplayer play 不再犹豫-黄家驹.128.mp3 success
[2024-03-26 19:23:10] [消息]Mplayer play 搞笑视频合集，让你开心一整天！.mp4 success
[2024-03-26 19:24:55] [消息]
[2024-03-26 19:24:55] [消息]
[2024-03-26 19:24:55] [消息]============================================
[2024-03-26 19:24:55] [消息]============================================
[2024-03-26 19:24:55] [消息]         媒体播放器启动，开始日志记录            
[2024-03-26 19:24:55] [消息]============================================
[2024-03-26 19:24:55] [消息]============================================
[2024-03-26 19:24:57] [消息]播放模式切换为：顺序播放
[2024-03-26 19:24:59] [消息]Mplayer play  success
[2024-03-26 19:25:07] [消息]Mplayer play 搞笑视频合集，让你开心一整天！.mp4 success
[2024-03-26 19:25:10] [消息]Mplayer play 喜欢你-Beyond.128.mp3 success
[2024-03-26 19:25:11] [消息]Mplayer play 北京晚报.mp3 success
[2024-03-26 19:25:15] [消息]Mplayer play 光辉岁月-Beyond.320.mp3 success
[2024-03-26 19:25:17] [消息]Mplayer play 灰色轨迹-Beyond.128.mp3 success
[2024-03-26 19:25:19] [消息]Mplayer play 不再犹豫-黄家驹.128.mp3 success
[2024-03-26 19:25:20] [消息]Mplayer play  success
[2024-03-26 19:27:00] [消息]
[2024-03-26 19:27:00] [消息]
[2024-03-26 19:27:00] [消息]============================================
[2024-03-26 19:27:00] [消息]============================================
[2024-03-26 19:27:00] [消息]         媒体播放器启动，开始日志记录            
[2024-03-26 19:27:00] [消息]============================================
[2024-03-26 19:27:00] [消息]============================================
[2024-03-26 19:27:02] [消息]Mplayer play 盘点猝不及防的搞笑瞬间，看一遍笑一遍.mp4 success
[2024-03-26 19:27:06] [消息]Mplayer play 盘点猝不及防的搞笑瞬间，看一遍笑一遍.mp4 success
[2024-03-26 19:27:10] [消息]播放模式切换为：顺序播放
[2024-03-26 19:27:15] [消息]Mplayer play 搞笑视频合集，让你开心一整天！.mp4 success
[2024-03-26 19:27:16] [消息]Mplayer play 喜欢你-Beyond.128.mp3 success
[2024-03-26 19:27:17] [消息]Mplayer play 北京晚报.mp3 success
[2024-03-26 19:27:18] [消息]Mplayer play 光辉岁月-Beyond.320.mp3 success
[2024-03-26 19:27:19] [消息]Mplayer play 灰色轨迹-Beyond.128.mp3 success
[2024-03-26 19:27:21] [消息]Mplayer play 不再犹豫-黄家驹.128.mp3 success
[2024-03-26 19:27:22] [消息]Mplayer play 搞笑视频合集，让你开心一整天！.mp4 success
[2024-03-26 19:27:23] [消息]Mplayer play 喜欢你-Beyond.128.mp3 success
[2024-03-26 19:28:02] [消息]Mplayer play  success
[2024-03-26 19:28:05] [消息]============================================
[2024-03-26 19:28:05] [消息]============================================
[2024-03-26 19:28:05] [消息]         媒体播放器关闭，结束日志记录            
[2024-03-26 19:28:05] [消息]============================================
[2024-03-26 19:28:05] [消息]============================================
