[2024-03-28 09:24:01] [消息]
[2024-03-28 09:24:01] [消息]
[2024-03-28 09:24:01] [消息]============================================
[2024-03-28 09:24:01] [消息]============================================
[2024-03-28 09:24:01] [消息]         媒体播放器启动，开始日志记录            
[2024-03-28 09:24:01] [消息]============================================
[2024-03-28 09:24:01] [消息]============================================
[2024-03-28 09:24:03] [消息]Mplayer play 不再犹豫-黄家驹.128.mp3 success
[2024-03-28 09:24:09] [错误]open mplayer input fifo failed, can't pause mplayer
[2024-03-28 09:24:12] [错误]open mplayer input fifo failed, can't pause mplayer
[2024-03-28 09:24:14] [错误]open mplayer input fifo failed, can't pause mplayer
[2024-03-28 09:24:24] [消息]
[2024-03-28 09:24:24] [消息]
[2024-03-28 09:24:24] [消息]============================================
[2024-03-28 09:24:24] [消息]============================================
[2024-03-28 09:24:24] [消息]         媒体播放器启动，开始日志记录            
[2024-03-28 09:24:24] [消息]============================================
[2024-03-28 09:24:24] [消息]============================================
[2024-03-28 09:24:25] [消息]Mplayer play 不再犹豫-黄家驹.128.mp3 success
[2024-03-28 09:24:28] [错误]open mplayer input fifo failed, can't pause mplayer
[2024-03-28 09:24:33] [消息]Mplayer play 盘点猝不及防的搞笑瞬间，看一遍笑一遍.mp4 success
[2024-03-28 09:24:36] [消息]Mplayer play 盘点猝不及防的搞笑瞬间，看一遍笑一遍.mp4 success
[2024-03-28 09:24:39] [消息]Mplayer play 盘点猝不及防的搞笑瞬间，看一遍笑一遍.mp4 success
[2024-03-28 09:24:45] [消息]播放模式切换为：顺序播放
[2024-03-28 09:24:50] [消息]Mplayer play 搞笑视频合集，让你开心一整天！.mp4 success
[2024-03-28 09:24:52] [消息]Mplayer play 喜欢你-Beyond.128.mp3 success
[2024-03-28 09:24:55] [错误]open mplayer input fifo error, add media speed failed[2024-03-28 09:24:58] [错误]open mplayer input fifo error, seek media failed[2024-03-28 09:25:02] [错误]open mplayer input fifo error, seek media failed[2024-03-28 09:25:06] [错误]open mplayer input fifo error, seek media failed[2024-03-28 09:25:24] [消息]============================================
[2024-03-28 09:25:24] [消息]============================================
[2024-03-28 09:25:24] [消息]         媒体播放器关闭，结束日志记录            
[2024-03-28 09:25:24] [消息]============================================
[2024-03-28 09:25:24] [消息]============================================
[2024-03-28 09:27:08] [消息]
[2024-03-28 09:27:08] [消息]
[2024-03-28 09:27:08] [消息]============================================
[2024-03-28 09:27:08] [消息]============================================
[2024-03-28 09:27:08] [消息]         媒体播放器启动，开始日志记录            
[2024-03-28 09:27:08] [消息]============================================
[2024-03-28 09:27:08] [消息]============================================
[2024-03-28 09:27:09] [消息]Mplayer play 不再犹豫-黄家驹.128.mp3 success
[2024-03-28 09:27:11] [消息]媒体状态切换为：暂停状态
[2024-03-28 09:27:13] [消息]媒体状态切换为：播放状态
[2024-03-28 09:27:18] [消息]停止播放媒体文件
[2024-03-28 09:27:19] [消息]Mplayer play 盘点猝不及防的搞笑瞬间，看一遍笑一遍.mp4 success
[2024-03-28 09:27:25] [消息]快进 ✖ 2
[2024-03-28 09:27:30] [消息]快进 ✖ 4
[2024-03-28 09:35:17] [消息]
[2024-03-28 09:35:17] [消息]
[2024-03-28 09:35:17] [消息]============================================
[2024-03-28 09:35:17] [消息]============================================
[2024-03-28 09:35:17] [消息]         媒体播放器启动，开始日志记录            
[2024-03-28 09:35:17] [消息]============================================
[2024-03-28 09:35:17] [消息]============================================
[2024-03-28 09:35:18] [消息]Mplayer play 不再犹豫-黄家驹.128.mp3 success
[2024-03-28 09:35:22] [消息]快进 ✖ 2
[2024-03-28 09:35:24] [消息]快进 ✖ 4
[2024-03-28 09:35:30] [消息]快进 ✖ 1
[2024-03-28 09:37:13] [消息]
[2024-03-28 09:37:13] [消息]
[2024-03-28 09:37:13] [消息]============================================
[2024-03-28 09:37:13] [消息]============================================
[2024-03-28 09:37:13] [消息]         媒体播放器启动，开始日志记录            
[2024-03-28 09:37:13] [消息]============================================
[2024-03-28 09:37:13] [消息]============================================
[2024-03-28 09:37:17] [消息]Mplayer play 不再犹豫-黄家驹.128.mp3 success
[2024-03-28 09:37:23] [消息]快进 ✖ 2
[2024-03-28 09:37:30] [消息]快进 ✖ 4
[2024-03-28 09:37:32] [消息]快进 ✖ 1
[2024-03-28 09:37:38] [消息]快进 ✖ 2
[2024-03-28 09:37:47] [消息]媒体状态切换为：暂停状态
[2024-03-28 09:37:49] [消息]媒体状态切换为：播放状态
[2024-03-28 09:37:55] [消息]媒体状态切换为：暂停状态
[2024-03-28 09:37:57] [消息]媒体状态切换为：播放状态
[2024-03-28 09:49:58] [消息]
[2024-03-28 09:49:58] [消息]
[2024-03-28 09:49:58] [消息]============================================
[2024-03-28 09:49:58] [消息]============================================
[2024-03-28 09:49:58] [消息]         媒体播放器启动，开始日志记录            
[2024-03-28 09:49:58] [消息]============================================
[2024-03-28 09:49:58] [消息]============================================
[2024-03-28 09:50:00] [消息]播放模式切换为：顺序播放
[2024-03-28 09:50:12] [消息]Mplayer play 搞笑视频合集，让你开心一整天！.mp4 success
[2024-03-28 09:50:14] [消息]Mplayer play 喜欢你-Beyond.128.mp3 success
[2024-03-28 09:50:16] [消息]Mplayer play 北京晚报.mp3 success
[2024-03-28 09:50:18] [消息]Mplayer play 光辉岁月-Beyond.320.mp3 success
[2024-03-28 09:50:19] [消息]Mplayer play 灰色轨迹-Beyond.128.mp3 success
[2024-03-28 09:50:21] [消息]Mplayer play 不再犹豫-黄家驹.128.mp3 success
[2024-03-28 09:50:22] [消息]Mplayer play 搞笑视频合集，让你开心一整天！.mp4 success
[2024-03-28 09:50:25] [消息]============================================
[2024-03-28 09:50:25] [消息]============================================
[2024-03-28 09:50:25] [消息]         媒体播放器关闭，结束日志记录            
[2024-03-28 09:50:25] [消息]============================================
[2024-03-28 09:50:25] [消息]============================================
[2024-03-28 09:52:23] [消息]
[2024-03-28 09:52:23] [消息]
[2024-03-28 09:52:23] [消息]============================================
[2024-03-28 09:52:23] [消息]============================================
[2024-03-28 09:52:23] [消息]         媒体播放器启动，开始日志记录            
[2024-03-28 09:52:23] [消息]============================================
[2024-03-28 09:52:23] [消息]============================================
[2024-03-28 09:52:25] [消息]Mplayer play 搞笑视频合集，让你开心一整天！.mp4 success
[2024-03-28 09:52:27] [消息]Mplayer play 喜欢你-Beyond.128.mp3 success
[2024-03-28 09:52:40] [消息]
[2024-03-28 09:52:40] [消息]
[2024-03-28 09:52:40] [消息]============================================
[2024-03-28 09:52:40] [消息]============================================
[2024-03-28 09:52:40] [消息]         媒体播放器启动，开始日志记录            
[2024-03-28 09:52:40] [消息]============================================
[2024-03-28 09:52:40] [消息]============================================
[2024-03-28 09:52:42] [消息]Mplayer play 不再犹豫-黄家驹.128.mp3 success
[2024-03-28 09:52:47] [消息]Mplayer play 盘点猝不及防的搞笑瞬间，看一遍笑一遍.mp4 success
[2024-03-28 09:52:50] [消息]Mplayer play 搞笑视频合集，让你开心一整天！.mp4 success
[2024-03-28 09:52:54] [消息]Mplayer play 喜欢你-Beyond.128.mp3 success
[2024-03-28 09:52:57] [消息]Mplayer play 北京晚报.mp3 success
[2024-03-28 09:52:58] [消息]Mplayer play 光辉岁月-Beyond.320.mp3 success
[2024-03-28 09:52:59] [消息]Mplayer play 灰色轨迹-Beyond.128.mp3 success
[2024-03-28 09:53:01] [消息]Mplayer play 盘点猝不及防的搞笑瞬间，看一遍笑一遍.mp4 success
[2024-03-28 09:53:03] [消息]Mplayer play 搞笑视频合集，让你开心一整天！.mp4 success
[2024-03-28 09:54:34] [消息]
[2024-03-28 09:54:34] [消息]
[2024-03-28 09:54:34] [消息]============================================
[2024-03-28 09:54:34] [消息]============================================
[2024-03-28 09:54:34] [消息]         媒体播放器启动，开始日志记录            
[2024-03-28 09:54:34] [消息]============================================
[2024-03-28 09:54:34] [消息]============================================
[2024-03-28 09:54:44] [消息]Mplayer play 不再犹豫-黄家驹.128.mp3 success
[2024-03-28 09:54:48] [消息]媒体状态切换为：暂停状态
[2024-03-28 09:54:50] [消息]媒体状态切换为：播放状态
[2024-03-28 09:54:53] [消息]Mplayer play  success
[2024-03-28 09:54:55] [消息]Mplayer play 搞笑视频合集，让你开心一整天！.mp4 success
[2024-03-28 09:55:14] [消息]
[2024-03-28 09:55:14] [消息]
[2024-03-28 09:55:14] [消息]============================================
[2024-03-28 09:55:14] [消息]============================================
[2024-03-28 09:55:14] [消息]         媒体播放器启动，开始日志记录            
[2024-03-28 09:55:14] [消息]============================================
[2024-03-28 09:55:14] [消息]============================================
[2024-03-28 09:55:15] [消息]Mplayer play 不再犹豫-黄家驹.128.mp3 success
[2024-03-28 09:55:21] [消息]Mplayer play  success
[2024-03-28 09:55:36] [消息]
[2024-03-28 09:55:36] [消息]
[2024-03-28 09:55:36] [消息]============================================
[2024-03-28 09:55:36] [消息]============================================
[2024-03-28 09:55:36] [消息]         媒体播放器启动，开始日志记录            
[2024-03-28 09:55:36] [消息]============================================
[2024-03-28 09:55:36] [消息]============================================
[2024-03-28 09:55:38] [消息]Mplayer play  success
[2024-03-28 09:55:46] [消息]Mplayer play 搞笑视频合集，让你开心一整天！.mp4 success
[2024-03-28 09:55:56] [消息]Mplayer play 喜欢你-Beyond.128.mp3 success
[2024-03-28 09:56:03] [消息]Mplayer play 北京晚报.mp3 success
[2024-03-28 09:56:07] [消息]Mplayer play 光辉岁月-Beyond.320.mp3 success
[2024-03-28 09:56:12] [消息]Mplayer play 灰色轨迹-Beyond.128.mp3 success
[2024-03-28 09:56:16] [消息]Mplayer play 不再犹豫-黄家驹.128.mp3 success
[2024-03-28 09:56:31] [消息]
[2024-03-28 09:56:31] [消息]
[2024-03-28 09:56:31] [消息]============================================
[2024-03-28 09:56:31] [消息]============================================
[2024-03-28 09:56:31] [消息]         媒体播放器启动，开始日志记录            
[2024-03-28 09:56:31] [消息]============================================
[2024-03-28 09:56:31] [消息]============================================
[2024-03-28 09:56:33] [消息]Mplayer play  success
[2024-03-28 09:56:59] [消息]
[2024-03-28 09:56:59] [消息]
[2024-03-28 09:56:59] [消息]============================================
[2024-03-28 09:56:59] [消息]============================================
[2024-03-28 09:56:59] [消息]         媒体播放器启动，开始日志记录            
[2024-03-28 09:56:59] [消息]============================================
[2024-03-28 09:56:59] [消息]============================================
[2024-03-28 09:57:02] [消息]
[2024-03-28 09:57:02] [消息]
[2024-03-28 09:57:02] [消息]============================================
[2024-03-28 09:57:02] [消息]============================================
[2024-03-28 09:57:02] [消息]         媒体播放器启动，开始日志记录            
[2024-03-28 09:57:02] [消息]============================================
[2024-03-28 09:57:02] [消息]============================================
[2024-03-28 09:57:04] [消息]Mplayer play 不再犹豫-黄家驹.128.mp3 success
[2024-03-28 09:57:06] [消息]Mplayer play  success
[2024-03-28 09:57:52] [消息]
[2024-03-28 09:57:52] [消息]
[2024-03-28 09:57:52] [消息]============================================
[2024-03-28 09:57:52] [消息]============================================
[2024-03-28 09:57:52] [消息]         媒体播放器启动，开始日志记录            
[2024-03-28 09:57:52] [消息]============================================
[2024-03-28 09:57:52] [消息]============================================
[2024-03-28 09:57:54] [消息]Mplayer play 不再犹豫-黄家驹.128.mp3 success
[2024-03-28 09:57:56] [消息]Mplayer play 盘点猝不及防的搞笑瞬间，看一遍笑一遍.mp4 success
[2024-03-28 09:58:00] [消息]Mplayer play 搞笑视频合集，让你开心一整天！.mp4 success
[2024-03-28 09:58:09] [消息]Mplayer play 喜欢你-Beyond.128.mp3 success
[2024-03-28 09:58:12] [消息]Mplayer play 北京晚报.mp3 success
[2024-03-28 09:58:15] [消息]Mplayer play 光辉岁月-Beyond.320.mp3 success
[2024-03-28 09:58:18] [消息]Mplayer play 灰色轨迹-Beyond.128.mp3 success
[2024-03-28 09:58:22] [消息]Mplayer play 不再犹豫-黄家驹.128.mp3 success
[2024-03-28 09:58:24] [消息]Mplayer play 盘点猝不及防的搞笑瞬间，看一遍笑一遍.mp4 success
[2024-03-28 09:58:28] [消息]============================================
[2024-03-28 09:58:28] [消息]============================================
[2024-03-28 09:58:28] [消息]         媒体播放器关闭，结束日志记录            
[2024-03-28 09:58:28] [消息]============================================
[2024-03-28 09:58:28] [消息]============================================
[2024-03-28 09:59:41] [消息]
[2024-03-28 09:59:41] [消息]
[2024-03-28 09:59:41] [消息]============================================
[2024-03-28 09:59:41] [消息]============================================
[2024-03-28 09:59:41] [消息]         媒体播放器启动，开始日志记录            
[2024-03-28 09:59:41] [消息]============================================
[2024-03-28 09:59:41] [消息]============================================
[2024-03-28 09:59:44] [消息]Mplayer play 光辉岁月-Beyond.320.mp3 success
[2024-03-28 09:59:49] [消息]Mplayer play 北京晚报.mp3 success
[2024-03-28 09:59:52] [消息]Mplayer play 喜欢你-Beyond.128.mp3 success
[2024-03-28 09:59:54] [消息]Mplayer play 搞笑视频合集，让你开心一整天！.mp4 success
[2024-03-28 09:59:57] [消息]Mplayer play 盘点猝不及防的搞笑瞬间，看一遍笑一遍.mp4 success
[2024-03-28 09:59:59] [消息]Mplayer play  success
[2024-03-28 10:00:02] [消息]Mplayer play  success
[2024-03-28 10:00:05] [消息]Mplayer play  success
[2024-03-28 10:00:09] [消息]Mplayer play  success
[2024-03-28 10:00:10] [消息]Mplayer play  success
[2024-03-28 10:00:11] [消息]Mplayer play  success
[2024-03-28 10:00:12] [消息]Mplayer play  success
[2024-03-28 10:00:14] [消息]============================================
[2024-03-28 10:00:14] [消息]============================================
[2024-03-28 10:00:14] [消息]         媒体播放器关闭，结束日志记录            
[2024-03-28 10:00:14] [消息]============================================
[2024-03-28 10:00:14] [消息]============================================
[2024-03-28 10:00:33] [消息]
[2024-03-28 10:00:33] [消息]
[2024-03-28 10:00:33] [消息]============================================
[2024-03-28 10:00:33] [消息]============================================
[2024-03-28 10:00:33] [消息]         媒体播放器启动，开始日志记录            
[2024-03-28 10:00:33] [消息]============================================
[2024-03-28 10:00:33] [消息]============================================
[2024-03-28 10:00:38] [消息]
[2024-03-28 10:00:38] [消息]
[2024-03-28 10:00:38] [消息]============================================
[2024-03-28 10:00:38] [消息]============================================
[2024-03-28 10:00:38] [消息]         媒体播放器启动，开始日志记录            
[2024-03-28 10:00:38] [消息]============================================
[2024-03-28 10:00:38] [消息]============================================
[2024-03-28 10:00:40] [消息]Mplayer play 不再犹豫-黄家驹.128.mp3 success
[2024-03-28 10:00:42] [消息]Mplayer play 灰色轨迹-Beyond.128.mp3 success
[2024-03-28 10:00:46] [消息]Mplayer play 光辉岁月-Beyond.320.mp3 success
[2024-03-28 10:00:49] [消息]Mplayer play 北京晚报.mp3 success
[2024-03-28 10:00:51] [消息]Mplayer play 喜欢你-Beyond.128.mp3 success
[2024-03-28 10:00:53] [消息]Mplayer play 搞笑视频合集，让你开心一整天！.mp4 success
[2024-03-28 10:00:55] [消息]Mplayer play 盘点猝不及防的搞笑瞬间，看一遍笑一遍.mp4 success
[2024-03-28 10:00:57] [消息]Mplayer play  success
[2024-03-28 10:01:00] [消息]Mplayer play  success
[2024-03-28 10:02:04] [消息]
[2024-03-28 10:02:04] [消息]
[2024-03-28 10:02:04] [消息]============================================
[2024-03-28 10:02:04] [消息]============================================
[2024-03-28 10:02:04] [消息]         媒体播放器启动，开始日志记录            
[2024-03-28 10:02:04] [消息]============================================
[2024-03-28 10:02:04] [消息]============================================
[2024-03-28 10:02:10] [消息]Mplayer play 灰色轨迹-Beyond.128.mp3 success
[2024-03-28 10:02:12] [消息]Mplayer play 灰色轨迹-Beyond.128.mp3 success
[2024-03-28 10:02:17] [消息]Mplayer play 灰色轨迹-Beyond.128.mp3 success
[2024-03-28 10:02:20] [消息]Mplayer play 灰色轨迹-Beyond.128.mp3 success
[2024-03-28 10:02:22] [消息]Mplayer play 灰色轨迹-Beyond.128.mp3 success
[2024-03-28 10:02:23] [消息]Mplayer play 灰色轨迹-Beyond.128.mp3 success
[2024-03-28 10:02:25] [消息]============================================
[2024-03-28 10:02:25] [消息]============================================
[2024-03-28 10:02:25] [消息]         媒体播放器关闭，结束日志记录            
[2024-03-28 10:02:25] [消息]============================================
[2024-03-28 10:02:25] [消息]============================================
[2024-03-28 10:02:27] [消息]
[2024-03-28 10:02:27] [消息]
[2024-03-28 10:02:27] [消息]============================================
[2024-03-28 10:02:27] [消息]============================================
[2024-03-28 10:02:27] [消息]         媒体播放器启动，开始日志记录            
[2024-03-28 10:02:27] [消息]============================================
[2024-03-28 10:02:27] [消息]============================================
[2024-03-28 10:02:29] [消息]Mplayer play 不再犹豫-黄家驹.128.mp3 success
[2024-03-28 10:02:39] [消息]Mplayer play 灰色轨迹-Beyond.128.mp3 success
[2024-03-28 10:02:42] [消息]Mplayer play 灰色轨迹-Beyond.128.mp3 success
[2024-03-28 10:02:44] [消息]Mplayer play 灰色轨迹-Beyond.128.mp3 success
[2024-03-28 10:02:45] [消息]Mplayer play 灰色轨迹-Beyond.128.mp3 success
[2024-03-28 10:08:25] [消息]
[2024-03-28 10:08:25] [消息]
[2024-03-28 10:08:25] [消息]============================================
[2024-03-28 10:08:25] [消息]============================================
[2024-03-28 10:08:25] [消息]         媒体播放器启动，开始日志记录            
[2024-03-28 10:08:25] [消息]============================================
[2024-03-28 10:08:25] [消息]============================================
[2024-03-28 10:08:27] [消息]Mplayer play 灰色轨迹-Beyond.128.mp3 success
[2024-03-28 10:08:34] [消息]Mplayer play 灰色轨迹-Beyond.128.mp3 success
[2024-03-28 10:08:37] [消息]播放模式切换为：顺序播放
[2024-03-28 10:08:41] [消息]Mplayer play 灰色轨迹-Beyond.128.mp3 success
[2024-03-28 10:08:43] [消息]Mplayer play 灰色轨迹-Beyond.128.mp3 success
[2024-03-28 10:08:48] [消息]Mplayer play 灰色轨迹-Beyond.128.mp3 success
[2024-03-28 10:09:06] [消息]
[2024-03-28 10:09:06] [消息]
[2024-03-28 10:09:06] [消息]============================================
[2024-03-28 10:09:06] [消息]============================================
[2024-03-28 10:09:06] [消息]         媒体播放器启动，开始日志记录            
[2024-03-28 10:09:06] [消息]============================================
[2024-03-28 10:09:06] [消息]============================================
[2024-03-28 10:09:07] [消息]Mplayer play 灰色轨迹-Beyond.128.mp3 success
[2024-03-28 10:09:09] [消息]Mplayer play 灰色轨迹-Beyond.128.mp3 success
[2024-03-28 10:10:03] [消息]
[2024-03-28 10:10:03] [消息]
[2024-03-28 10:10:03] [消息]============================================
[2024-03-28 10:10:03] [消息]============================================
[2024-03-28 10:10:03] [消息]         媒体播放器启动，开始日志记录            
[2024-03-28 10:10:03] [消息]============================================
[2024-03-28 10:10:03] [消息]============================================
[2024-03-28 10:10:07] [消息]Mplayer play 灰色轨迹-Beyond.128.mp3 success
[2024-03-28 10:10:09] [消息]Mplayer play 灰色轨迹-Beyond.128.mp3 success
[2024-03-28 14:44:06] [消息]
[2024-03-28 14:44:06] [消息]
[2024-03-28 14:44:06] [消息]============================================
[2024-03-28 14:44:06] [消息]============================================
[2024-03-28 14:44:06] [消息]         媒体播放器启动，开始日志记录            
[2024-03-28 14:44:06] [消息]============================================
[2024-03-28 14:44:06] [消息]============================================
[2024-03-28 14:44:07] [消息]Mplayer play 灰色轨迹-Beyond.128.mp3 success
[2024-03-28 14:44:12] [消息]Mplayer play 灰色轨迹-Beyond.128.mp3 success
[2024-03-28 14:44:15] [消息]播放模式切换为：顺序播放
[2024-03-28 14:44:18] [消息]Mplayer play 灰色轨迹-Beyond.128.mp3 success
[2024-03-28 14:44:21] [消息]Mplayer play 灰色轨迹-Beyond.128.mp3 success
[2024-03-28 14:45:31] [消息]
[2024-03-28 14:45:31] [消息]
[2024-03-28 14:45:31] [消息]============================================
[2024-03-28 14:45:31] [消息]============================================
[2024-03-28 14:45:31] [消息]         媒体播放器启动，开始日志记录            
[2024-03-28 14:45:31] [消息]============================================
[2024-03-28 14:45:31] [消息]============================================
[2024-03-28 14:45:32] [消息]Mplayer play  success
[2024-03-28 14:45:36] [消息]Mplayer play  success
[2024-03-28 14:45:38] [消息]Mplayer play  success
[2024-03-28 14:45:40] [消息]Mplayer play  success
[2024-03-28 14:45:42] [消息]播放模式切换为：顺序播放
[2024-03-28 14:45:43] [消息]Mplayer play  success
[2024-03-28 14:45:48] [消息]Mplayer play  success
[2024-03-28 14:46:22] [消息]============================================
[2024-03-28 14:46:22] [消息]============================================
[2024-03-28 14:46:22] [消息]         媒体播放器关闭，结束日志记录            
[2024-03-28 14:46:22] [消息]============================================
[2024-03-28 14:46:22] [消息]============================================
[2024-03-28 14:46:25] [消息]
[2024-03-28 14:46:25] [消息]
[2024-03-28 14:46:25] [消息]============================================
[2024-03-28 14:46:25] [消息]============================================
[2024-03-28 14:46:25] [消息]         媒体播放器启动，开始日志记录            
[2024-03-28 14:46:25] [消息]============================================
[2024-03-28 14:46:25] [消息]============================================
[2024-03-28 14:46:26] [消息]Mplayer play  success
[2024-03-28 14:46:32] [消息]Mplayer play  success
[2024-03-28 14:46:52] [消息]Mplayer play  success
[2024-03-28 14:47:11] [消息]
[2024-03-28 14:47:11] [消息]
[2024-03-28 14:47:11] [消息]============================================
[2024-03-28 14:47:11] [消息]============================================
[2024-03-28 14:47:11] [消息]         媒体播放器启动，开始日志记录            
[2024-03-28 14:47:11] [消息]============================================
[2024-03-28 14:47:11] [消息]============================================
[2024-03-28 14:47:12] [消息]Mplayer play 光辉岁月-Beyond.320.mp3 success
[2024-03-28 14:47:15] [消息]Mplayer play 北京晚报.mp3 success
[2024-03-28 14:47:19] [消息]Mplayer play 喜欢你-Beyond.128.mp3 success
[2024-03-28 14:47:23] [消息]Mplayer play 搞笑视频合集，让你开心一整天！.mp4 success
[2024-03-28 14:47:29] [消息]Mplayer play  success
[2024-03-28 14:47:36] [消息]Mplayer play 不再犹豫-黄家驹.128.mp3 success
[2024-03-28 14:47:40] [消息]Mplayer play 灰色轨迹-Beyond.128.mp3 success
[2024-03-28 14:47:46] [消息]Mplayer play 光辉岁月-Beyond.320.mp3 success
[2024-03-28 14:47:49] [消息]Mplayer play 北京晚报.mp3 success
[2024-03-28 14:47:54] [消息]Mplayer play 喜欢你-Beyond.128.mp3 success
[2024-03-28 14:48:09] [消息]
[2024-03-28 14:48:09] [消息]
[2024-03-28 14:48:09] [消息]============================================
[2024-03-28 14:48:09] [消息]============================================
[2024-03-28 14:48:09] [消息]         媒体播放器启动，开始日志记录            
[2024-03-28 14:48:09] [消息]============================================
[2024-03-28 14:48:09] [消息]============================================
[2024-03-28 14:48:10] [消息]Mplayer play 光辉岁月-Beyond.320.mp3 success
[2024-03-28 14:48:14] [消息]Mplayer play 北京晚报.mp3 success
[2024-03-28 14:48:19] [消息]Mplayer play 喜欢你-Beyond.128.mp3 success
[2024-03-28 14:48:23] [消息]Mplayer play 搞笑视频合集，让你开心一整天！.mp4 success
[2024-03-28 14:48:26] [消息]Mplayer play 盘点猝不及防的搞笑瞬间，看一遍笑一遍.mp4 success
[2024-03-28 14:48:30] [消息]Mplayer play  success
[2024-03-28 14:48:34] [消息]Mplayer play 不再犹豫-黄家驹.128.mp3 success
[2024-03-28 14:48:38] [消息]Mplayer play 灰色轨迹-Beyond.128.mp3 success
[2024-03-28 14:49:09] [消息]
[2024-03-28 14:49:09] [消息]
[2024-03-28 14:49:09] [消息]============================================
[2024-03-28 14:49:09] [消息]============================================
[2024-03-28 14:49:09] [消息]         媒体播放器启动，开始日志记录            
[2024-03-28 14:49:09] [消息]============================================
[2024-03-28 14:49:09] [消息]============================================
[2024-03-28 14:49:10] [消息]Mplayer play 光辉岁月-Beyond.320.mp3 success
[2024-03-28 14:49:19] [消息]Mplayer play 北京晚报.mp3 success
[2024-03-28 14:49:22] [消息]Mplayer play 喜欢你-Beyond.128.mp3 success
[2024-03-28 14:49:24] [消息]Mplayer play 搞笑视频合集，让你开心一整天！.mp4 success
[2024-03-28 14:49:27] [消息]Mplayer play 盘点猝不及防的搞笑瞬间，看一遍笑一遍.mp4 success
[2024-03-28 14:49:31] [消息]Mplayer play 不再犹豫-黄家驹.128.mp3 success
[2024-03-28 14:49:45] [消息]Mplayer play 灰色轨迹-Beyond.128.mp3 success
[2024-03-28 14:50:34] [消息]
[2024-03-28 14:50:34] [消息]
[2024-03-28 14:50:34] [消息]============================================
[2024-03-28 14:50:34] [消息]============================================
[2024-03-28 14:50:34] [消息]         媒体播放器启动，开始日志记录            
[2024-03-28 14:50:34] [消息]============================================
[2024-03-28 14:50:34] [消息]============================================
[2024-03-28 14:53:13] [消息]
[2024-03-28 14:53:13] [消息]
[2024-03-28 14:53:13] [消息]============================================
[2024-03-28 14:53:13] [消息]============================================
[2024-03-28 14:53:13] [消息]         媒体播放器启动，开始日志记录            
[2024-03-28 14:53:13] [消息]============================================
[2024-03-28 14:53:13] [消息]============================================
[2024-03-28 14:53:47] [消息]
[2024-03-28 14:53:47] [消息]
[2024-03-28 14:53:47] [消息]============================================
[2024-03-28 14:53:47] [消息]============================================
[2024-03-28 14:53:47] [消息]         媒体播放器启动，开始日志记录            
[2024-03-28 14:53:47] [消息]============================================
[2024-03-28 14:53:47] [消息]============================================
[2024-03-28 14:53:57] [消息]播放模式切换为：顺序播放
[2024-03-28 14:53:59] [消息]播放模式切换为：随机播放
[2024-03-28 14:54:08] [消息]Mplayer play 不再犹豫-黄家驹.128.mp3 success
[2024-03-28 14:54:27] [消息]媒体状态切换为：暂停状态
[2024-03-28 14:54:29] [消息]媒体状态切换为：播放状态
[2024-03-28 14:54:35] [消息]停止播放媒体文件
[2024-03-28 14:55:36] [消息]
[2024-03-28 14:55:36] [消息]
[2024-03-28 14:55:36] [消息]============================================
[2024-03-28 14:55:36] [消息]============================================
[2024-03-28 14:55:36] [消息]         媒体播放器启动，开始日志记录            
[2024-03-28 14:55:36] [消息]============================================
[2024-03-28 14:55:36] [消息]============================================
[2024-03-28 14:55:39] [消息]Mplayer play 不再犹豫-黄家驹.128.mp3 success
[2024-03-28 14:56:14] [消息]============================================
[2024-03-28 14:56:14] [消息]============================================
[2024-03-28 14:56:14] [消息]         媒体播放器关闭，结束日志记录            
[2024-03-28 14:56:14] [消息]============================================
[2024-03-28 14:56:14] [消息]============================================
[2024-03-28 14:59:36] [消息]
[2024-03-28 14:59:36] [消息]
[2024-03-28 14:59:36] [消息]============================================
[2024-03-28 14:59:36] [消息]============================================
[2024-03-28 14:59:36] [消息]         媒体播放器启动，开始日志记录            
[2024-03-28 14:59:36] [消息]============================================
[2024-03-28 14:59:36] [消息]============================================
[2024-03-28 14:59:37] [消息]Mplayer play 不再犹豫-黄家驹.128.mp3 success
[2024-03-28 15:00:28] [消息]
[2024-03-28 15:00:28] [消息]
[2024-03-28 15:00:28] [消息]============================================
[2024-03-28 15:00:28] [消息]============================================
[2024-03-28 15:00:28] [消息]         媒体播放器启动，开始日志记录            
[2024-03-28 15:00:28] [消息]============================================
[2024-03-28 15:00:28] [消息]============================================
[2024-03-28 15:00:33] [消息]Mplayer play 光辉岁月-Beyond.320.mp3 success
[2024-03-28 15:02:03] [消息]
[2024-03-28 15:02:03] [消息]
[2024-03-28 15:02:03] [消息]============================================
[2024-03-28 15:02:03] [消息]============================================
[2024-03-28 15:02:03] [消息]         媒体播放器启动，开始日志记录            
[2024-03-28 15:02:03] [消息]============================================
[2024-03-28 15:02:03] [消息]============================================
[2024-03-28 15:02:05] [消息]Mplayer play 不再犹豫-黄家驹.128.mp3 success
[2024-03-28 15:02:07] [消息]Mplayer play 不再犹豫-黄家驹.128.mp3 success
[2024-03-28 15:02:48] [消息]
[2024-03-28 15:02:48] [消息]
[2024-03-28 15:02:48] [消息]============================================
[2024-03-28 15:02:48] [消息]============================================
[2024-03-28 15:02:48] [消息]         媒体播放器启动，开始日志记录            
[2024-03-28 15:02:48] [消息]============================================
[2024-03-28 15:02:48] [消息]============================================
[2024-03-28 15:02:51] [消息]Mplayer play 灰色轨迹-Beyond.128.mp3 success
[2024-03-28 15:02:53] [消息]Mplayer play 不再犹豫-黄家驹.128.mp3 success
[2024-03-28 15:02:55] [消息]Mplayer play 灰色轨迹-Beyond.128.mp3 success
[2024-03-28 15:02:56] [消息]Mplayer play 灰色轨迹-Beyond.128.mp3 success
[2024-03-28 15:03:00] [消息]Mplayer play 不再犹豫-黄家驹.128.mp3 success
[2024-03-28 15:03:43] [消息]
[2024-03-28 15:03:43] [消息]
[2024-03-28 15:03:43] [消息]============================================
[2024-03-28 15:03:43] [消息]============================================
[2024-03-28 15:03:43] [消息]         媒体播放器启动，开始日志记录            
[2024-03-28 15:03:43] [消息]============================================
[2024-03-28 15:03:43] [消息]============================================
[2024-03-28 15:03:44] [消息]Mplayer play 不再犹豫-黄家驹.128.mp3 success
[2024-03-28 15:04:20] [消息]
[2024-03-28 15:04:20] [消息]
[2024-03-28 15:04:20] [消息]============================================
[2024-03-28 15:04:20] [消息]============================================
[2024-03-28 15:04:20] [消息]         媒体播放器启动，开始日志记录            
[2024-03-28 15:04:20] [消息]============================================
[2024-03-28 15:04:20] [消息]============================================
[2024-03-28 15:04:41] [消息]
[2024-03-28 15:04:41] [消息]
[2024-03-28 15:04:41] [消息]============================================
[2024-03-28 15:04:41] [消息]============================================
[2024-03-28 15:04:41] [消息]         媒体播放器启动，开始日志记录            
[2024-03-28 15:04:41] [消息]============================================
[2024-03-28 15:04:41] [消息]============================================
[2024-03-28 15:04:59] [消息]
[2024-03-28 15:04:59] [消息]
[2024-03-28 15:04:59] [消息]============================================
[2024-03-28 15:04:59] [消息]============================================
[2024-03-28 15:04:59] [消息]         媒体播放器启动，开始日志记录            
[2024-03-28 15:04:59] [消息]============================================
[2024-03-28 15:04:59] [消息]============================================
[2024-03-28 15:05:01] [消息]Mplayer play 不再犹豫-黄家驹.128.mp3 success
[2024-03-28 15:05:22] [消息]
[2024-03-28 15:05:22] [消息]
[2024-03-28 15:05:22] [消息]============================================
[2024-03-28 15:05:22] [消息]============================================
[2024-03-28 15:05:22] [消息]         媒体播放器启动，开始日志记录            
[2024-03-28 15:05:22] [消息]============================================
[2024-03-28 15:05:22] [消息]============================================
[2024-03-28 15:05:24] [消息]Mplayer play 不再犹豫-黄家驹.128.mp3 success
[2024-03-28 15:05:25] [消息]Mplayer play 灰色轨迹-Beyond.128.mp3 success
[2024-03-28 15:05:30] [消息]Mplayer play 北京晚报.mp3 success
[2024-03-28 15:05:33] [消息]Mplayer play 不再犹豫-黄家驹.128.mp3 success
[2024-03-28 15:05:35] [消息]Mplayer play 灰色轨迹-Beyond.128.mp3 success
[2024-03-28 15:06:18] [消息]
[2024-03-28 15:06:18] [消息]
[2024-03-28 15:06:18] [消息]============================================
[2024-03-28 15:06:18] [消息]============================================
[2024-03-28 15:06:18] [消息]         媒体播放器启动，开始日志记录            
[2024-03-28 15:06:18] [消息]============================================
[2024-03-28 15:06:18] [消息]============================================
[2024-03-28 15:06:19] [消息]Mplayer play 不再犹豫-黄家驹.128.mp3 success
[2024-03-28 15:06:28] [消息]============================================
[2024-03-28 15:06:28] [消息]============================================
[2024-03-28 15:06:28] [消息]         媒体播放器关闭，结束日志记录            
[2024-03-28 15:06:28] [消息]============================================
[2024-03-28 15:06:28] [消息]============================================
