[2024-03-25 21:06:17] [消息]Mplayer play 搞笑视频合集，让你开心一整天！.mp4 success
[2024-03-25 21:09:50] [消息]Mplayer play 搞笑视频合集，让你开心一整天！.mp4 success
[2024-03-25 21:09:58] [消息]Mplayer play 光辉岁月-Beyond.320.mp3 success
[2024-03-25 21:10:03] [消息]Mplayer play 盘点猝不及防的搞笑瞬间，看一遍笑一遍.mp4 success
[2024-03-25 21:11:40] [消息]Mplayer play 灰色轨迹-Beyond.128.mp3 success
[2024-03-25 21:11:43] [消息]Mplayer play 不再犹豫-黄家驹.128.mp3 success
[2024-03-25 21:12:00] [消息]媒体状态切换为：暂停状态
[2024-03-25 21:12:01] [消息]媒体状态切换为：播放状态
[2024-03-25 21:12:22] [消息]Mplayer play 不再犹豫-黄家驹.128.mp3 success
[2024-03-25 21:20:31] [消息]Mplayer play 不再犹豫-黄家驹.128.mp3 success
[2024-03-25 21:20:32] [消息]Mplayer play 不再犹豫-黄家驹.128.mp3 success
[2024-03-25 21:20:33] [消息]Mplayer play 不再犹豫-黄家驹.128.mp3 success
[2024-03-25 21:20:35] [消息]Mplayer play 不再犹豫-黄家驹.128.mp3 success
[2024-03-25 21:20:41] [消息]Mplayer play 不再犹豫-黄家驹.128.mp3 success
[2024-03-25 21:20:44] [消息]媒体状态切换为：暂停状态
[2024-03-25 21:21:18] [消息]Mplayer play 不再犹豫-黄家驹.128.mp3 success
[2024-03-25 21:21:20] [消息]媒体状态切换为：暂停状态
[2024-03-25 21:21:21] [消息]媒体状态切换为：播放状态
[2024-03-25 21:21:22] [消息]媒体状态切换为：暂停状态
[2024-03-25 21:23:16] [消息]Mplayer play 不再犹豫-黄家驹.128.mp3 success
[2024-03-25 21:23:18] [消息]媒体状态切换为：暂停状态
[2024-03-25 21:23:20] [消息]媒体状态切换为：播放状态
[2024-03-25 21:23:22] [消息]媒体状态切换为：暂停状态
[2024-03-25 21:23:33] [消息]Mplayer play 不再犹豫-黄家驹.128.mp3 success
[2024-03-25 21:23:34] [消息]媒体状态切换为：暂停状态
[2024-03-25 21:26:20] [消息]Mplayer play 不再犹豫-黄家驹.128.mp3 success
[2024-03-25 21:26:22] [消息]媒体状态切换为：暂停状态
[2024-03-25 21:28:13] [消息]========================================
[2024-03-25 21:28:13] [消息]========================================
[2024-03-25 21:28:13] [消息]媒体播放器启动，开始日志记录
[2024-03-25 21:28:13] [消息]========================================
[2024-03-25 21:28:13] [消息]========================================
[2024-03-25 21:28:15] [消息]Mplayer play 不再犹豫-黄家驹.128.mp3 success
[2024-03-25 21:28:19] [消息]媒体状态切换为：暂停状态
[2024-03-25 21:28:58] [消息]========================================
[2024-03-25 21:28:58] [消息]========================================
[2024-03-25 21:28:58] [消息]| 媒体播放器启动，开始日志记录              |
[2024-03-25 21:28:58] [消息]========================================
[2024-03-25 21:28:58] [消息]========================================
[2024-03-25 21:29:00] [消息]Mplayer play 不再犹豫-黄家驹.128.mp3 success
[2024-03-25 21:29:21] [消息]====================================+++++====
[2024-03-25 21:29:21] [消息]========================================
[2024-03-25 21:29:21] [消息]| 媒体播放器启动，开始日志记录              |
[2024-03-25 21:29:21] [消息]========================================
[2024-03-25 21:29:21] [消息]========================================
[2024-03-25 21:29:39] [消息]============================================
[2024-03-25 21:29:39] [消息]========================================
[2024-03-25 21:29:39] [消息]| 媒体播放器启动，开始日志记录              |
[2024-03-25 21:29:39] [消息]========================================
[2024-03-25 21:29:39] [消息]========================================
[2024-03-25 21:30:35] [消息]============================================
[2024-03-25 21:30:35] [消息]============================================
[2024-03-25 21:30:35] [消息]| 媒体播放器启动，开始日志记录              |
[2024-03-25 21:30:35] [消息]============================================
[2024-03-25 21:30:35] [消息]============================================
[2024-03-25 21:30:38] [消息]Mplayer play 不再犹豫-黄家驹.128.mp3 success
[2024-03-25 21:30:41] [消息]媒体状态切换为：暂停状态
[2024-03-25 21:33:38] [消息]============================================
[2024-03-25 21:33:38] [消息]============================================
[2024-03-25 21:33:38] [消息]| 媒体播放器启动，开始日志记录              |
[2024-03-25 21:33:38] [消息]============================================
[2024-03-25 21:33:38] [消息]============================================
[2024-03-25 21:33:42] [消息]Mplayer play 不再犹豫-黄家驹.128.mp3 success
[2024-03-25 21:33:44] [消息]媒体状态切换为：暂停状态
[2024-03-25 21:36:11] [消息]============================================
[2024-03-25 21:36:11] [消息]============================================
[2024-03-25 21:36:11] [消息]| 媒体播放器启动，开始日志记录              |
[2024-03-25 21:36:11] [消息]============================================
[2024-03-25 21:36:11] [消息]============================================
[2024-03-25 21:36:13] [消息]Mplayer play 不再犹豫-黄家驹.128.mp3 success
[2024-03-25 21:36:16] [消息]媒体状态切换为：暂停状态
[2024-03-25 21:36:16] [消息]媒体状态切换为：播放状态
[2024-03-25 21:36:17] [消息]媒体状态切换为：暂停状态
[2024-03-25 21:36:19] [消息]媒体状态切换为：播放状态
[2024-03-25 21:36:20] [消息]媒体状态切换为：暂停状态
[2024-03-25 21:36:22] [消息]Mplayer play 灰色轨迹-Beyond.128.mp3 success
[2024-03-25 21:41:43] [消息]============================================
[2024-03-25 21:41:43] [消息]============================================
[2024-03-25 21:41:43] [消息]| 媒体播放器启动，开始日志记录              |
[2024-03-25 21:41:43] [消息]============================================
[2024-03-25 21:41:43] [消息]============================================
[2024-03-25 21:41:45] [消息]Mplayer play 喜欢你-Beyond.128.mp3 success
[2024-03-25 21:41:47] [消息]Mplayer play 搞笑视频合集，让你开心一整天！.mp4 success
[2024-03-25 21:41:54] [错误]open mplayer input fifo failed, can't pause mplayer
[2024-03-25 21:41:57] [错误]open mplayer input fifo failed, can't pause mplayer
[2024-03-25 21:43:12] [消息]============================================
[2024-03-25 21:43:12] [消息]============================================
[2024-03-25 21:43:12] [消息]| 媒体播放器启动，开始日志记录              |
[2024-03-25 21:43:12] [消息]============================================
[2024-03-25 21:43:12] [消息]============================================
[2024-03-25 21:43:14] [消息]Mplayer play 搞笑视频合集，让你开心一整天！.mp4 success
[2024-03-25 21:43:17] [消息]媒体状态切换为：暂停状态
[2024-03-25 21:43:20] [消息]媒体状态切换为：播放状态
[2024-03-25 21:44:30] [消息]============================================
[2024-03-25 21:44:30] [消息]============================================
[2024-03-25 21:44:30] [消息]| 媒体播放器启动，开始日志记录              |
[2024-03-25 21:44:30] [消息]============================================
[2024-03-25 21:44:30] [消息]============================================
[2024-03-25 21:44:33] [消息]Mplayer play 搞笑视频合集，让你开心一整天！.mp4 success
[2024-03-25 21:44:35] [消息]媒体状态切换为：暂停状态
[2024-03-25 21:44:36] [消息]媒体状态切换为：播放状态
[2024-03-25 21:45:24] [消息]============================================
[2024-03-25 21:45:24] [消息]============================================
[2024-03-25 21:45:24] [消息]| 媒体播放器启动，开始日志记录              |
[2024-03-25 21:45:24] [消息]============================================
[2024-03-25 21:45:24] [消息]============================================
[2024-03-25 21:45:26] [消息]Mplayer play 搞笑视频合集，让你开心一整天！.mp4 success
[2024-03-25 21:45:29] [消息]媒体状态切换为：暂停状态
[2024-03-25 21:45:32] [消息]媒体状态切换为：播放状态
[2024-03-25 21:46:42] [消息]============================================
[2024-03-25 21:46:42] [消息]============================================
[2024-03-25 21:46:42] [消息]| 媒体播放器启动，开始日志记录              |
[2024-03-25 21:46:42] [消息]============================================
[2024-03-25 21:46:42] [消息]============================================
[2024-03-25 21:46:44] [消息]Mplayer play 搞笑视频合集，让你开心一整天！.mp4 success
[2024-03-25 21:46:47] [消息]媒体状态切换为：暂停状态
[2024-03-25 21:46:48] [消息]媒体状态切换为：播放状态
[2024-03-25 21:51:30] [消息]============================================
[2024-03-25 21:51:30] [消息]============================================
[2024-03-25 21:51:30] [消息]| 媒体播放器启动，开始日志记录              |
[2024-03-25 21:51:30] [消息]============================================
[2024-03-25 21:51:30] [消息]============================================
[2024-03-25 21:51:32] [消息]Mplayer play 搞笑视频合集，让你开心一整天！.mp4 success
[2024-03-25 21:51:36] [消息]媒体状态切换为：暂停状态
[2024-03-25 21:51:38] [消息]媒体状态切换为：播放状态
[2024-03-25 21:51:41] [消息]媒体状态切换为：暂停状态
[2024-03-25 21:51:49] [消息]媒体状态切换为：播放状态
[2024-03-25 21:51:50] [消息]媒体状态切换为：暂停状态
[2024-03-25 21:51:51] [消息]媒体状态切换为：播放状态
[2024-03-25 21:51:52] [消息]媒体状态切换为：暂停状态
[2024-03-25 21:51:53] [消息]媒体状态切换为：播放状态
[2024-03-25 21:51:54] [消息]媒体状态切换为：暂停状态
[2024-03-25 21:52:10] [消息]============================================
[2024-03-25 21:52:10] [消息]============================================
[2024-03-25 21:52:10] [消息]| 媒体播放器启动，开始日志记录              |
[2024-03-25 21:52:10] [消息]============================================
[2024-03-25 21:52:10] [消息]============================================
[2024-03-25 21:52:14] [消息]Mplayer play 搞笑视频合集，让你开心一整天！.mp4 success
[2024-03-25 21:52:16] [消息]媒体状态切换为：暂停状态
[2024-03-25 21:52:18] [消息]媒体状态切换为：播放状态
[2024-03-25 21:52:20] [消息]媒体状态切换为：暂停状态
[2024-03-25 21:52:22] [消息]媒体状态切换为：播放状态
[2024-03-25 21:52:25] [消息]媒体状态切换为：暂停状态
[2024-03-25 21:52:37] [消息]============================================
[2024-03-25 21:52:37] [消息]============================================
[2024-03-25 21:52:37] [消息]| 媒体播放器启动，开始日志记录              |
[2024-03-25 21:52:37] [消息]============================================
[2024-03-25 21:52:37] [消息]============================================
[2024-03-25 21:52:44] [消息]Mplayer play 不再犹豫-黄家驹.128.mp3 success
[2024-03-25 21:52:46] [消息]媒体状态切换为：暂停状态
[2024-03-25 21:52:47] [消息]媒体状态切换为：播放状态
[2024-03-25 21:52:48] [消息]媒体状态切换为：暂停状态
[2024-03-25 21:52:49] [消息]媒体状态切换为：播放状态
[2024-03-25 21:52:53] [消息]媒体状态切换为：暂停状态
[2024-03-25 21:52:55] [消息]媒体状态切换为：播放状态
[2024-03-25 21:53:01] [消息]媒体状态切换为：暂停状态
[2024-03-25 21:53:03] [消息]媒体状态切换为：播放状态
[2024-03-25 21:53:06] [消息]媒体状态切换为：暂停状态
[2024-03-25 21:53:08] [消息]媒体状态切换为：播放状态
[2024-03-25 21:53:12] [消息]媒体状态切换为：暂停状态
[2024-03-25 21:53:14] [消息]媒体状态切换为：播放状态
[2024-03-25 21:53:18] [消息]媒体状态切换为：暂停状态
